{"meta": {"format": 3, "version": "7.13.3", "timestamp": "2026-07-17T22:24:56.136404", "branch_coverage": true, "show_contexts": false}, "files": {"custom_components/backup_checkup/__init__.py": {"executed_lines": [3, 5, 6, 8, 9, 10, 11, 12, 13, 15, 16, 60, 61, 62, 63, 64, 65, 70, 75, 77, 80, 82, 93, 94, 98, 101, 103, 106, 107, 112, 113, 117, 118, 119, 123, 124, 130, 132, 134, 135, 137, 138, 140, 141, 142, 146, 150, 153, 158, 163, 164, 167, 169, 170, 171, 187, 188, 200, 203, 205, 206, 207, 208, 210, 214, 215, 221, 224, 228, 229, 230, 231, 235, 238, 240, 243, 250, 251, 252, 254, 256, 257, 258, 260, 261, 262, 264, 266, 267, 268, 270, 276, 279, 281, 282, 283, 284, 287, 289, 292, 294, 295, 296, 308, 309, 310, 311, 312, 317, 318, 323, 324, 328, 329, 330, 336, 342, 343, 344, 345, 346, 349, 350, 351, 352, 353, 354], "summary": {"covered_lines": 127, "num_statements": 128, "percent_covered": 96.3855421686747, "percent_covered_display": "96", "missing_lines": 1, "excluded_lines": 0, "percent_statements_covered": 99.21875, "percent_statements_covered_display": "99", "num_branches": 38, "num_partial_branches": 5, "covered_branches": 33, "missing_branches": 5, "percent_branches_covered": 86.84210526315789, "percent_branches_covered_display": "87"}, "missing_lines": [302], "excluded_lines": [], "executed_branches": [[93, 94], [93, 98], [118, 119], [123, 124], [142, 146], [142, 150], [150, -140], [150, 153], [158, 163], [158, 164], [170, 171], [170, 187], [187, 188], [187, 200], [205, 206], [205, 207], [207, 208], [207, 210], [251, 252], [261, 262], [261, 264], [282, 283], [282, 284], [295, 296], [308, 309], [308, 317], [329, 330], [344, 345], [344, 346], [349, 350], [349, 354], [350, 351], [350, 352]], "missing_branches": [[118, 123], [123, -101], [251, 254], [295, 302], [329, -292]], "functions": {"_loaded_coordinator": {"executed_lines": [82, 93, 94, 98], "summary": {"covered_lines": 4, "num_statements": 4, "percent_covered": 100.0, "percent_covered_display": "100", "missing_lines": 0, "excluded_lines": 0, "percent_statements_covered": 100.0, "percent_statements_covered_display": "100", "num_branches": 2, "num_partial_branches": 0, "covered_branches": 2, "missing_branches": 0, "percent_branches_covered": 100.0, "percent_branches_covered_display": "100"}, "missing_lines": [], "excluded_lines": [], "start_line": 80, "executed_branches": [[93, 94], [93, 98]], "missing_branches": []}, "_async_cleanup_orphaned_stores": {"executed_lines": [103, 106, 107, 112, 113, 117, 118, 119, 123, 124], "summary": {"covered_lines": 10, "num_statements": 10, "percent_covered": 85.71428571428571, "percent_covered_display": "86", "missing_lines": 0, "excluded_lines": 0, "percent_statements_covered": 100.0, "percent_statements_covered_display": "100", "num_branches": 4, "num_partial_branches": 2, "covered_branches": 2, "missing_branches": 2, "percent_branches_covered": 50.0, "percent_branches_covered_display": "50"}, "missing_lines": [], "excluded_lines": [], "start_line": 101, "executed_branches": [[118, 119], [123, 124]], "missing_branches": [[118, 123], [123, -101]]}, "async_setup": {"executed_lines": [132, 134, 137, 140, 158, 163, 164], "summary": {"covered_lines": 7, "num_statements": 7, "percent_covered": 100.0, "percent_covered_display": "100", "missing_lines": 0, "excluded_lines": 0, "percent_statements_covered": 100.0, "percent_statements_covered_display": "100", "num_branches": 2, "num_partial_branches": 0, "covered_branches": 2, "missing_branches": 0, "percent_branches_covered": 100.0, "percent_branches_covered_display": "100"}, "missing_lines": [], "excluded_lines": [], "start_line": 130, "executed_branches": [[158, 163], [158, 164]], "missing_branches": []}, "async_setup._async_verify_latest_backup": {"executed_lines": [135], "summary": {"covered_lines": 1, "num_statements": 1, "percent_covered": 100.0, "percent_covered_display": "100", "missing_lines": 0, "excluded_lines": 0, "percent_statements_covered": 100.0, "percent_statements_covered_display": "100", "num_branches": 0, "num_partial_branches": 0, "covered_branches": 0, "missing_branches": 0, "percent_branches_covered": 100.0, "percent_branches_covered_display": "100"}, "missing_lines": [], "excluded_lines": [], "start_line": 134, "executed_branches": [], "missing_branches": []}, "async_setup._async_refresh": {"executed_lines": [138], "summary": {"covered_lines": 1, "num_statements": 1, "percent_covered": 100.0, "percent_covered_display": "100", "missing_lines": 0, "excluded_lines": 0, "percent_statements_covered": 100.0, "percent_statements_covered_display": "100", "num_branches": 0, "num_partial_branches": 0, "covered_branches": 0, "missing_branches": 0, "percent_branches_covered": 100.0, "percent_branches_covered_display": "100"}, "missing_lines": [], "excluded_lines": [], "start_line": 137, "executed_branches": [], "missing_branches": []}, "async_setup._async_test_notification": {"executed_lines": [141, 142, 146, 150, 153], "summary": {"covered_lines": 5, "num_statements": 5, "percent_covered": 100.0, "percent_covered_display": "100", "missing_lines": 0, "excluded_lines": 0, "percent_statements_covered": 100.0, "percent_statements_covered_display": "100", "num_branches": 4, "num_partial_branches": 0, "covered_branches": 4, "missing_branches": 0, "percent_branches_covered": 100.0, "percent_branches_covered_display": "100"}, "missing_lines": [], "excluded_lines": [], "start_line": 140, "executed_branches": [[142, 146], [142, 150], [150, -140], [150, 153]], "missing_branches": []}, "_legacy_schema_defaults": {"executed_lines": [169, 170, 171, 187, 188, 200], "summary": {"covered_lines": 6, "num_statements": 6, "percent_covered": 100.0, "percent_covered_display": "100", "missing_lines": 0, "excluded_lines": 0, "percent_statements_covered": 100.0, "percent_statements_covered_display": "100", "num_branches": 4, "num_partial_branches": 0, "covered_branches": 4, "missing_branches": 0, "percent_branches_covered": 100.0, "percent_branches_covered_display": "100"}, "missing_lines": [], "excluded_lines": [], "start_line": 167, "executed_branches": [[170, 171], [170, 187], [187, 188], [187, 200]], "missing_branches": []}, "async_migrate_entry": {"executed_lines": [205, 206, 207, 208, 210, 214, 215, 221], "summary": {"covered_lines": 8, "num_statements": 8, "percent_covered": 100.0, "percent_covered_display": "100", "missing_lines": 0, "excluded_lines": 0, "percent_statements_covered": 100.0, "percent_statements_covered_display": "100", "num_branches": 4, "num_partial_branches": 0, "covered_branches": 4, "missing_branches": 0, "percent_branches_covered": 100.0, "percent_branches_covered_display": "100"}, "missing_lines": [], "excluded_lines": [], "start_line": 203, "executed_branches": [[205, 206], [205, 207], [207, 208], [207, 210]], "missing_branches": []}, "_async_cleanup_stale_temporary_data": {"executed_lines": [228, 229, 230, 231, 235], "summary": {"covered_lines": 5, "num_statements": 5, "percent_covered": 100.0, "percent_covered_display": "100", "missing_lines": 0, "excluded_lines": 0, "percent_statements_covered": 100.0, "percent_statements_covered_display": "100", "num_branches": 0, "num_partial_branches": 0, "covered_branches": 0, "missing_branches": 0, "percent_branches_covered": 100.0, "percent_branches_covered_display": "100"}, "missing_lines": [], "excluded_lines": [], "start_line": 224, "executed_branches": [], "missing_branches": []}, "async_setup_entry": {"executed_lines": [240, 243, 250, 251, 252, 254, 256, 257, 258, 260, 266, 267, 268, 270, 276], "summary": {"covered_lines": 15, "num_statements": 15, "percent_covered": 94.11764705882354, "percent_covered_display": "94", "missing_lines": 0, "excluded_lines": 0, "percent_statements_covered": 100.0, "percent_statements_covered_display": "100", "num_branches": 2, "num_partial_branches": 1, "covered_branches": 1, "missing_branches": 1, "percent_branches_covered": 50.0, "percent_branches_covered_display": "50"}, "missing_lines": [], "excluded_lines": [], "start_line": 238, "executed_branches": [[251, 252]], "missing_branches": [[251, 254]]}, "async_setup_entry._sync_repair_issues": {"executed_lines": [261, 262, 264], "summary": {"covered_lines": 3, "num_statements": 3, "percent_covered": 100.0, "percent_covered_display": "100", "missing_lines": 0, "excluded_lines": 0, "percent_statements_covered": 100.0, "percent_statements_covered_display": "100", "num_branches": 2, "num_partial_branches": 0, "covered_branches": 2, "missing_branches": 0, "percent_branches_covered": 100.0, "percent_branches_covered_display": "100"}, "missing_lines": [], "excluded_lines": [], "start_line": 260, "executed_branches": [[261, 262], [261, 264]], "missing_branches": []}, "async_unload_entry": {"executed_lines": [281, 282, 283, 284], "summary": {"covered_lines": 4, "num_statements": 4, "percent_covered": 100.0, "percent_covered_display": "100", "missing_lines": 0, "excluded_lines": 0, "percent_statements_covered": 100.0, "percent_statements_covered_display": "100", "num_branches": 2, "num_partial_branches": 0, "covered_branches": 2, "missing_branches": 0, "percent_branches_covered": 100.0, "percent_branches_covered_display": "100"}, "missing_lines": [], "excluded_lines": [], "start_line": 279, "executed_branches": [[282, 283], [282, 284]], "missing_branches": []}, "_async_reload_entry": {"executed_lines": [289], "summary": {"covered_lines": 1, "num_statements": 1, "percent_covered": 100.0, "percent_covered_display": "100", "missing_lines": 0, "excluded_lines": 0, "percent_statements_covered": 100.0, "percent_statements_covered_display": "100", "num_branches": 0, "num_partial_branches": 0, "covered_branches": 0, "missing_branches": 0, "percent_branches_covered": 100.0, "percent_branches_covered_display": "100"}, "missing_lines": [], "excluded_lines": [], "start_line": 287, "executed_branches": [], "missing_branches": []}, "async_remove_entry": {"executed_lines": [294, 295, 296, 308, 309, 310, 311, 312, 317, 318, 323, 324, 328, 329, 330], "summary": {"covered_lines": 15, "num_statements": 16, "percent_covered": 86.36363636363636, "percent_covered_display": "86", "missing_lines": 1, "excluded_lines": 0, "percent_statements_covered": 93.75, "percent_statements_covered_display": "94", "num_branches": 6, "num_partial_branches": 2, "covered_branches": 4, "missing_branches": 2, "percent_branches_covered": 66.66666666666667, "percent_branches_covered_display": "67"}, "missing_lines": [302], "excluded_lines": [], "start_line": 292, "executed_branches": [[295, 296], [308, 309], [308, 317], [329, 330]], "missing_branches": [[295, 302], [329, -292]]}, "async_remove_config_entry_device": {"executed_lines": [342, 343, 344, 345, 346, 349, 350, 351, 352, 353, 354], "summary": {"covered_lines": 11, "num_statements": 11, "percent_covered": 100.0, "percent_covered_display": "100", "missing_lines": 0, "excluded_lines": 0, "percent_statements_covered": 100.0, "percent_statements_covered_display": "100", "num_branches": 6, "num_partial_branches": 0, "covered_branches": 6, "missing_branches": 0, "percent_branches_covered": 100.0, "percent_branches_covered_display": "100"}, "missing_lines": [], "excluded_lines": [], "start_line": 336, "executed_branches": [[344, 345], [344, 346], [349, 350], [349, 354], [350, 351], [350, 352]], "missing_branches": []}, "": {"executed_lines": [3, 5, 6, 8, 9, 10, 11, 12, 13, 15, 16, 60, 61, 62, 63, 64, 65, 70, 75, 77, 80, 101, 130, 167, 203, 224, 238, 279, 287, 292, 336], "summary": {"covered_lines": 31, "num_statements": 31, "percent_covered": 100.0, "percent_covered_display": "100", "missing_lines": 0, "excluded_lines": 0, "percent_statements_covered": 100.0, "percent_statements_covered_display": "100", "num_branches": 0, "num_partial_branches": 0, "covered_branches": 0, "missing_branches": 0, "percent_branches_covered": 100.0, "percent_branches_covered_display": "100"}, "missing_lines": [], "excluded_lines": [], "start_line": 1, "executed_branches": [], "missing_branches": []}}, "classes": {"": {"executed_lines": [3, 5, 6, 8, 9, 10, 11, 12, 13, 15, 16, 60, 61, 62, 63, 64, 65, 70, 75, 77, 80, 82, 93, 94, 98, 101, 103, 106, 107, 112, 113, 117, 118, 119, 123, 124, 130, 132, 134, 135, 137, 138, 140, 141, 142, 146, 150, 153, 158, 163, 164, 167, 169, 170, 171, 187, 188, 200, 203, 205, 206, 207, 208, 210, 214, 215, 221, 224, 228, 229, 230, 231, 235, 238, 240, 243, 250, 251, 252, 254, 256, 257, 258, 260, 261, 262, 264, 266, 267, 268, 270, 276, 279, 281, 282, 283, 284, 287, 289, 292, 294, 295, 296, 308, 309, 310, 311, 312, 317, 318, 323, 324, 328, 329, 330, 336, 342, 343, 344, 345, 346, 349, 350, 351, 352, 353, 354], "summary": {"covered_lines": 127, "num_statements": 128, "percent_covered": 96.3855421686747, "percent_covered_display": "96", "missing_lines": 1, "excluded_lines": 0, "percent_statements_covered": 99.21875, "percent_statements_covered_display": "99", "num_branches": 38, "num_partial_branches": 5, "covered_branches": 33, "missing_branches": 5, "percent_branches_covered": 86.84210526315789, "percent_branches_covered_display": "87"}, "missing_lines": [302], "excluded_lines": [], "start_line": 1, "executed_branches": [[93, 94], [93, 98], [118, 119], [123, 124], [142, 146], [142, 150], [150, -140], [150, 153], [158, 163], [158, 164], [170, 171], [170, 187], [187, 188], [187, 200], [205, 206], [205, 207], [207, 208], [207, 210], [251, 252], [261, 262], [261, 264], [282, 283], [282, 284], [295, 296], [308, 309], [308, 317], [329, 330], [344, 345], [344, 346], [349, 350], [349, 354], [350, 351], [350, 352]], "missing_branches": [[118, 123], [123, -101], [251, 254], [295, 302], [329, -292]]}}}, "custom_components/backup_checkup/age.py": {"executed_lines": [3, 5, 6, 9, 11, 12, 13, 16, 18, 19, 20], "summary": {"covered_lines": 11, "num_statements": 11, "percent_covered": 100.0, "percent_covered_display": "100", "missing_lines": 0, "excluded_lines": 0, "percent_statements_covered": 100.0, "percent_statements_covered_display": "100", "num_branches": 4, "num_partial_branches": 0, "covered_branches": 4, "missing_branches": 0, "percent_branches_covered": 100.0, "percent_branches_covered_display": "100"}, "missing_lines": [], "excluded_lines": [], "executed_branches": [[11, 12], [11, 13], [18, 19], [18, 20]], "missing_branches": [], "functions": {"precise_age_days": {"executed_lines": [11, 12, 13], "summary": {"covered_lines": 3, "num_statements": 3, "percent_covered": 100.0, "percent_covered_display": "100", "missing_lines": 0, "excluded_lines": 0, "percent_statements_covered": 100.0, "percent_statements_covered_display": "100", "num_branches": 2, "num_partial_branches": 0, "covered_branches": 2, "missing_branches": 0, "percent_branches_covered": 100.0, "percent_branches_covered_display": "100"}, "missing_lines": [], "excluded_lines": [], "start_line": 9, "executed_branches": [[11, 12], [11, 13]], "missing_branches": []}, "completed_age_days": {"executed_lines": [18, 19, 20], "summary": {"covered_lines": 3, "num_statements": 3, "percent_covered": 100.0, "percent_covered_display": "100", "missing_lines": 0, "excluded_lines": 0, "percent_statements_covered": 100.0, "percent_statements_covered_display": "100", "num_branches": 2, "num_partial_branches": 0, "covered_branches": 2, "missing_branches": 0, "percent_branches_covered": 100.0, "percent_branches_covered_display": "100"}, "missing_lines": [], "excluded_lines": [], "start_line": 16, "executed_branches": [[18, 19], [18, 20]], "missing_branches": []}, "": {"executed_lines": [3, 5, 6, 9, 16], "summary": {"covered_lines": 5, "num_statements": 5, "percent_covered": 100.0, "percent_covered_display": "100", "missing_lines": 0, "excluded_lines": 0, "percent_statements_covered": 100.0, "percent_statements_covered_display": "100", "num_branches": 0, "num_partial_branches": 0, "covered_branches": 0, "missing_branches": 0, "percent_branches_covered": 100.0, "percent_branches_covered_display": "100"}, "missing_lines": [], "excluded_lines": [], "start_line": 1, "executed_branches": [], "missing_branches": []}}, "classes": {"": {"executed_lines": [3, 5, 6, 9, 11, 12, 13, 16, 18, 19, 20], "summary": {"covered_lines": 11, "num_statements": 11, "percent_covered": 100.0, "percent_covered_display": "100", "missing_lines": 0, "excluded_lines": 0, "percent_statements_covered": 100.0, "percent_statements_covered_display": "100", "num_branches": 4, "num_partial_branches": 0, "covered_branches": 4, "missing_branches": 0, "percent_branches_covered": 100.0, "percent_branches_covered_display": "100"}, "missing_lines": [], "excluded_lines": [], "start_line": 1, "executed_branches": [[11, 12], [11, 13], [18, 19], [18, 20]], "missing_branches": []}}}, "custom_components/backup_checkup/agent_cleanup.py": {"executed_lines": [3, 5, 6, 8, 9, 10, 11, 13, 14, 16, 19, 26, 27, 28, 33, 34, 35, 36, 37, 43, 51, 52, 53, 56, 58, 63, 64, 65, 71, 80, 81, 82, 83, 87, 89, 90, 95], "summary": {"covered_lines": 37, "num_statements": 38, "percent_covered": 93.47826086956522, "percent_covered_display": "93", "missing_lines": 1, "excluded_lines": 0, "percent_statements_covered": 97.36842105263158, "percent_statements_covered_display": "97", "num_branches": 8, "num_partial_branches": 2, "covered_branches": 6, "missing_branches": 2, "percent_branches_covered": 75.0, "percent_branches_covered_display": "75"}, "missing_lines": [57], "excluded_lines": [], "executed_branches": [[34, 35], [56, 58], [58, -43], [58, 63], [89, 90], [89, 95]], "missing_branches": [[34, -19], [56, 57]], "functions": {"_async_remove_entity": {"executed_lines": [26, 27, 28, 33, 34, 35, 36, 37], "summary": {"covered_lines": 8, "num_statements": 8, "percent_covered": 90.0, "percent_covered_display": "90", "missing_lines": 0, "excluded_lines": 0, "percent_statements_covered": 100.0, "percent_statements_covered_display": "100", "num_branches": 2, "num_partial_branches": 1, "covered_branches": 1, "missing_branches": 1, "percent_branches_covered": 50.0, "percent_branches_covered_display": "50"}, "missing_lines": [], "excluded_lines": [], "start_line": 19, "executed_branches": [[34, 35]], "missing_branches": [[34, -19]]}, "_remove_empty_agent_device": {"executed_lines": [51, 52, 53, 56, 58, 63, 64, 65], "summary": {"covered_lines": 8, "num_statements": 9, "percent_covered": 84.61538461538461, "percent_covered_display": "85", "missing_lines": 1, "excluded_lines": 0, "percent_statements_covered": 88.88888888888889, "percent_statements_covered_display": "89", "num_branches": 4, "num_partial_branches": 1, "covered_branches": 3, "missing_branches": 1, "percent_branches_covered": 75.0, "percent_branches_covered_display": "75"}, "missing_lines": [57], "excluded_lines": [], "start_line": 43, "executed_branches": [[56, 58], [58, -43], [58, 63]], "missing_branches": [[56, 57]]}, "async_remove_agent_entities": {"executed_lines": [80, 81, 82, 83, 87, 89, 90, 95], "summary": {"covered_lines": 8, "num_statements": 8, "percent_covered": 100.0, "percent_covered_display": "100", "missing_lines": 0, "excluded_lines": 0, "percent_statements_covered": 100.0, "percent_statements_covered_display": "100", "num_branches": 2, "num_partial_branches": 0, "covered_branches": 2, "missing_branches": 0, "percent_branches_covered": 100.0, "percent_branches_covered_display": "100"}, "missing_lines": [], "excluded_lines": [], "start_line": 71, "executed_branches": [[89, 90], [89, 95]], "missing_branches": []}, "": {"executed_lines": [3, 5, 6, 8, 9, 10, 11, 13, 14, 16, 19, 43, 71], "summary": {"covered_lines": 13, "num_statements": 13, "percent_covered": 100.0, "percent_covered_display": "100", "missing_lines": 0, "excluded_lines": 0, "percent_statements_covered": 100.0, "percent_statements_covered_display": "100", "num_branches": 0, "num_partial_branches": 0, "covered_branches": 0, "missing_branches": 0, "percent_branches_covered": 100.0, "percent_branches_covered_display": "100"}, "missing_lines": [], "excluded_lines": [], "start_line": 1, "executed_branches": [], "missing_branches": []}}, "classes": {"": {"executed_lines": [3, 5, 6, 8, 9, 10, 11, 13, 14, 16, 19, 26, 27, 28, 33, 34, 35, 36, 37, 43, 51, 52, 53, 56, 58, 63, 64, 65, 71, 80, 81, 82, 83, 87, 89, 90, 95], "summary": {"covered_lines": 37, "num_statements": 38, "percent_covered": 93.47826086956522, "percent_covered_display": "93", "missing_lines": 1, "excluded_lines": 0, "percent_statements_covered": 97.36842105263158, "percent_statements_covered_display": "97", "num_branches": 8, "num_partial_branches": 2, "covered_branches": 6, "missing_branches": 2, "percent_branches_covered": 75.0, "percent_branches_covered_display": "75"}, "missing_lines": [57], "excluded_lines": [], "start_line": 1, "executed_branches": [[34, 35], [56, 58], [58, -43], [58, 63], [89, 90], [89, 95]], "missing_branches": [[34, -19], [56, 57]]}}}, "custom_components/backup_checkup/analytics.py": {"executed_lines": [3, 5, 6, 7, 8, 9, 10, 12, 13, 15, 16, 17, 18, 20, 21, 22, 23, 25, 26, 27, 28, 29, 30, 31, 32, 35, 36, 39, 40, 41, 42, 43, 44, 45, 48, 49, 52, 53, 54, 57, 61, 62, 71, 75, 83, 85, 86, 89, 91, 92, 96, 99, 103, 106, 107, 109, 110, 111, 112, 115, 116, 117, 118, 119, 120, 123, 131, 132, 133, 143, 144, 145, 149, 160, 162, 163, 164, 165, 168, 175, 176, 182, 188, 190, 191, 192, 193, 194, 195, 196, 198, 199, 200, 203, 205, 206, 207, 208, 209, 210, 211, 214, 222, 227, 234, 235], "summary": {"covered_lines": 106, "num_statements": 107, "percent_covered": 98.51851851851852, "percent_covered_display": "99", "missing_lines": 1, "excluded_lines": 0, "percent_statements_covered": 99.06542056074767, "percent_statements_covered_display": "99", "num_branches": 28, "num_partial_branches": 1, "covered_branches": 27, "missing_branches": 1, "percent_branches_covered": 96.42857142857143, "percent_branches_covered_display": "96"}, "missing_lines": [113], "excluded_lines": [], "executed_branches": [[106, 107], [106, 109], [112, 115], [116, 117], [116, 118], [118, 119], [118, 120], [132, 133], [132, 143], [162, 163], [162, 164], [190, 191], [190, 198], [191, 192], [191, 193], [193, 194], [193, 195], [195, 196], [195, 198], [198, 199], [198, 200], [205, 206], [205, 207], [207, 208], [207, 209], [209, 210], [209, 211]], "missing_branches": [[112, 113]], "functions": {"_window_records": {"executed_lines": [61, 62], "summary": {"covered_lines": 2, "num_statements": 2, "percent_covered": 100.0, "percent_covered_display": "100", "missing_lines": 0, "excluded_lines": 0, "percent_statements_covered": 100.0, "percent_statements_covered_display": "100", "num_branches": 0, "num_partial_branches": 0, "covered_branches": 0, "missing_branches": 0, "percent_branches_covered": 100.0, "percent_branches_covered_display": "100"}, "missing_lines": [], "excluded_lines": [], "start_line": 57, "executed_branches": [], "missing_branches": []}, "_size_analysis_records": {"executed_lines": [75], "summary": {"covered_lines": 1, "num_statements": 1, "percent_covered": 100.0, "percent_covered_display": "100", "missing_lines": 0, "excluded_lines": 0, "percent_statements_covered": 100.0, "percent_statements_covered_display": "100", "num_branches": 0, "num_partial_branches": 0, "covered_branches": 0, "missing_branches": 0, "percent_branches_covered": 100.0, "percent_branches_covered_display": "100"}, "missing_lines": [], "excluded_lines": [], "start_line": 71, "executed_branches": [], "missing_branches": []}, "_average_known_size": {"executed_lines": [85, 86], "summary": {"covered_lines": 2, "num_statements": 2, "percent_covered": 100.0, "percent_covered_display": "100", "missing_lines": 0, "excluded_lines": 0, "percent_statements_covered": 100.0, "percent_statements_covered_display": "100", "num_branches": 0, "num_partial_branches": 0, "covered_branches": 0, "missing_branches": 0, "percent_branches_covered": 100.0, "percent_branches_covered_display": "100"}, "missing_lines": [], "excluded_lines": [], "start_line": 83, "executed_branches": [], "missing_branches": []}, "_longest_gap_days": {"executed_lines": [91, 92, 96], "summary": {"covered_lines": 3, "num_statements": 3, "percent_covered": 100.0, "percent_covered_display": "100", "missing_lines": 0, "excluded_lines": 0, "percent_statements_covered": 100.0, "percent_statements_covered_display": "100", "num_branches": 0, "num_partial_branches": 0, "covered_branches": 0, "missing_branches": 0, "percent_branches_covered": 100.0, "percent_branches_covered_display": "100"}, "missing_lines": [], "excluded_lines": [], "start_line": 89, "executed_branches": [], "missing_branches": []}, "_size_trend": {"executed_lines": [103, 106, 107, 109, 110, 111, 112, 115, 116, 117, 118, 119, 120], "summary": {"covered_lines": 13, "num_statements": 14, "percent_covered": 90.9090909090909, "percent_covered_display": "91", "missing_lines": 1, "excluded_lines": 0, "percent_statements_covered": 92.85714285714286, "percent_statements_covered_display": "93", "num_branches": 8, "num_partial_branches": 1, "covered_branches": 7, "missing_branches": 1, "percent_branches_covered": 87.5, "percent_branches_covered_display": "88"}, "missing_lines": [113], "excluded_lines": [], "start_line": 99, "executed_branches": [[106, 107], [106, 109], [112, 115], [116, 117], [116, 118], [118, 119], [118, 120]], "missing_branches": [[112, 113]]}, "calculate_inventory_analytics": {"executed_lines": [131, 132, 133, 143, 144, 145, 149], "summary": {"covered_lines": 7, "num_statements": 7, "percent_covered": 100.0, "percent_covered_display": "100", "missing_lines": 0, "excluded_lines": 0, "percent_statements_covered": 100.0, "percent_statements_covered_display": "100", "num_branches": 2, "num_partial_branches": 0, "covered_branches": 2, "missing_branches": 0, "percent_branches_covered": 100.0, "percent_branches_covered_display": "100"}, "missing_lines": [], "excluded_lines": [], "start_line": 123, "executed_branches": [[132, 133], [132, 143]], "missing_branches": []}, "_valid_success_rate": {"executed_lines": [162, 163, 164, 165], "summary": {"covered_lines": 4, "num_statements": 4, "percent_covered": 100.0, "percent_covered_display": "100", "missing_lines": 0, "excluded_lines": 0, "percent_statements_covered": 100.0, "percent_statements_covered_display": "100", "num_branches": 2, "num_partial_branches": 0, "covered_branches": 2, "missing_branches": 0, "percent_branches_covered": 100.0, "percent_branches_covered_display": "100"}, "missing_lines": [], "excluded_lines": [], "start_line": 160, "executed_branches": [[162, 163], [162, 164]], "missing_branches": []}, "_history_deductions": {"executed_lines": [175, 176, 182, 188, 190, 191, 192, 193, 194, 195, 196, 198, 199, 200], "summary": {"covered_lines": 14, "num_statements": 14, "percent_covered": 100.0, "percent_covered_display": "100", "missing_lines": 0, "excluded_lines": 0, "percent_statements_covered": 100.0, "percent_statements_covered_display": "100", "num_branches": 10, "num_partial_branches": 0, "covered_branches": 10, "missing_branches": 0, "percent_branches_covered": 100.0, "percent_branches_covered_display": "100"}, "missing_lines": [], "excluded_lines": [], "start_line": 168, "executed_branches": [[190, 191], [190, 198], [191, 192], [191, 193], [193, 194], [193, 195], [195, 196], [195, 198], [198, 199], [198, 200]], "missing_branches": []}, "_rating_for_score": {"executed_lines": [205, 206, 207, 208, 209, 210, 211], "summary": {"covered_lines": 7, "num_statements": 7, "percent_covered": 100.0, "percent_covered_display": "100", "missing_lines": 0, "excluded_lines": 0, "percent_statements_covered": 100.0, "percent_statements_covered_display": "100", "num_branches": 6, "num_partial_branches": 0, "covered_branches": 6, "missing_branches": 0, "percent_branches_covered": 100.0, "percent_branches_covered_display": "100"}, "missing_lines": [], "excluded_lines": [], "start_line": 203, "executed_branches": [[205, 206], [205, 207], [207, 208], [207, 209], [209, 210], [209, 211]], "missing_branches": []}, "calculate_health_score": {"executed_lines": [222, 227, 234, 235], "summary": {"covered_lines": 4, "num_statements": 4, "percent_covered": 100.0, "percent_covered_display": "100", "missing_lines": 0, "excluded_lines": 0, "percent_statements_covered": 100.0, "percent_statements_covered_display": "100", "num_branches": 0, "num_partial_branches": 0, "covered_branches": 0, "missing_branches": 0, "percent_branches_covered": 100.0, "percent_branches_covered_display": "100"}, "missing_lines": [], "excluded_lines": [], "start_line": 214, "executed_branches": [], "missing_branches": []}, "": {"executed_lines": [3, 5, 6, 7, 8, 9, 10, 12, 13, 15, 16, 17, 18, 20, 21, 22, 23, 25, 26, 27, 28, 29, 30, 31, 32, 35, 36, 39, 40, 41, 42, 43, 44, 45, 48, 49, 52, 53, 54, 57, 71, 83, 89, 99, 123, 160, 168, 203, 214], "summary": {"covered_lines": 49, "num_statements": 49, "percent_covered": 100.0, "percent_covered_display": "100", "missing_lines": 0, "excluded_lines": 0, "percent_statements_covered": 100.0, "percent_statements_covered_display": "100", "num_branches": 0, "num_partial_branches": 0, "covered_branches": 0, "missing_branches": 0, "percent_branches_covered": 100.0, "percent_branches_covered_display": "100"}, "missing_lines": [], "excluded_lines": [], "start_line": 1, "executed_branches": [], "missing_branches": []}}, "classes": {"InventoryAnalytics": {"executed_lines": [], "summary": {"covered_lines": 0, "num_statements": 0, "percent_covered": 100.0, "percent_covered_display": "100", "missing_lines": 0, "excluded_lines": 0, "percent_statements_covered": 100.0, "percent_statements_covered_display": "100", "num_branches": 0, "num_partial_branches": 0, "covered_branches": 0, "missing_branches": 0, "percent_branches_covered": 100.0, "percent_branches_covered_display": "100"}, "missing_lines": [], "excluded_lines": [], "start_line": 36, "executed_branches": [], "missing_branches": []}, "HealthScore": {"executed_lines": [], "summary": {"covered_lines": 0, "num_statements": 0, "percent_covered": 100.0, "percent_covered_display": "100", "missing_lines": 0, "excluded_lines": 0, "percent_statements_covered": 100.0, "percent_statements_covered_display": "100", "num_branches": 0, "num_partial_branches": 0, "covered_branches": 0, "missing_branches": 0, "percent_branches_covered": 100.0, "percent_branches_covered_display": "100"}, "missing_lines": [], "excluded_lines": [], "start_line": 49, "executed_branches": [], "missing_branches": []}, "": {"executed_lines": [3, 5, 6, 7, 8, 9, 10, 12, 13, 15, 16, 17, 18, 20, 21, 22, 23, 25, 26, 27, 28, 29, 30, 31, 32, 35, 36, 39, 40, 41, 42, 43, 44, 45, 48, 49, 52, 53, 54, 57, 61, 62, 71, 75, 83, 85, 86, 89, 91, 92, 96, 99, 103, 106, 107, 109, 110, 111, 112, 115, 116, 117, 118, 119, 120, 123, 131, 132, 133, 143, 144, 145, 149, 160, 162, 163, 164, 165, 168, 175, 176, 182, 188, 190, 191, 192, 193, 194, 195, 196, 198, 199, 200, 203, 205, 206, 207, 208, 209, 210, 211, 214, 222, 227, 234, 235], "summary": {"covered_lines": 106, "num_statements": 107, "percent_covered": 98.51851851851852, "percent_covered_display": "99", "missing_lines": 1, "excluded_lines": 0, "percent_statements_covered": 99.06542056074767, "percent_statements_covered_display": "99", "num_branches": 28, "num_partial_branches": 1, "covered_branches": 27, "missing_branches": 1, "percent_branches_covered": 96.42857142857143, "percent_branches_covered_display": "96"}, "missing_lines": [113], "excluded_lines": [], "start_line": 1, "executed_branches": [[106, 107], [106, 109], [112, 115], [116, 117], [116, 118], [118, 119], [118, 120], [132, 133], [132, 143], [162, 163], [162, 164], [190, 191], [190, 198], [191, 192], [191, 193], [193, 194], [193, 195], [195, 196], [195, 198], [198, 199], [198, 200], [205, 206], [205, 207], [207, 208], [207, 209], [209, 210], [209, 211]], "missing_branches": [[112, 113]]}}}, "custom_components/backup_checkup/backup_normalizer.py": {"executed_lines": [3, 5, 6, 7, 8, 9, 11, 13, 14, 15, 21, 22, 23, 24, 25, 26, 29, 30, 33, 34, 37, 38, 41, 42, 43, 46, 49, 50, 52, 53, 54, 56, 57, 59, 60, 67, 68, 69, 71, 72, 73, 74, 75, 77, 78, 80, 81, 82, 83, 89, 90, 92, 93, 99, 100, 102, 103, 104, 105, 107, 108, 110, 112, 113, 120, 123, 125, 127, 128, 130, 133, 134, 136, 137, 138, 139, 140, 142, 144, 145, 147, 149, 150, 152, 153, 154, 155, 156, 157, 158, 160, 161, 163, 164, 165, 168, 171, 172, 177, 179, 180, 182, 184, 185, 186, 188, 190, 191, 193, 194, 196, 197, 198, 199, 200, 201, 203, 204, 206, 216, 217, 219, 220, 221, 222, 223, 224, 228, 230, 231, 233, 234, 235, 236, 237, 238, 239, 242, 244, 248, 249, 251, 252, 258, 261, 268, 269, 273, 274, 276, 281, 282, 283, 284, 286, 289, 290, 292, 297, 301, 311, 313, 315, 316, 317, 318, 321, 322, 324, 325, 326, 327, 328, 331, 334, 335, 336, 338, 339, 343, 347, 351, 355, 357, 363, 364, 367, 368, 370, 371, 373, 382, 384, 385, 388, 389, 390, 391, 395, 398, 401, 404, 407, 412, 440, 442, 444, 445, 446, 447, 449, 450, 451, 452, 454, 455, 456, 457, 462, 463, 464, 466, 467], "summary": {"covered_lines": 223, "num_statements": 252, "percent_covered": 86.95652173913044, "percent_covered_display": "87", "missing_lines": 29, "excluded_lines": 0, "percent_statements_covered": 88.4920634920635, "percent_statements_covered_display": "88", "num_branches": 70, "num_partial_branches": 13, "covered_branches": 57, "missing_branches": 13, "percent_branches_covered": 81.42857142857143, "percent_branches_covered_display": "81"}, "missing_lines": [55, 70, 84, 85, 86, 87, 94, 95, 96, 97, 111, 114, 115, 116, 117, 131, 141, 166, 167, 169, 183, 187, 240, 259, 319, 329, 453, 458, 459], "excluded_lines": [], "executed_branches": [[73, 74], [73, 75], [80, 81], [80, 82], [102, 103], [102, 105], [103, 102], [103, 104], [110, 112], [130, 133], [133, 134], [133, 136], [138, 139], [138, 140], [140, 142], [152, 153], [152, 154], [154, 155], [154, 157], [155, 156], [163, 164], [163, 165], [165, 168], [168, 171], [182, 184], [184, 185], [184, 186], [186, 188], [193, 194], [193, 196], [197, 198], [197, 199], [199, 200], [199, 201], [219, 220], [219, 221], [234, 235], [234, 236], [236, 237], [238, 236], [238, 239], [248, 249], [248, 251], [258, 261], [282, 283], [282, 286], [315, 316], [315, 317], [317, 318], [325, 326], [325, 327], [328, 331], [334, 335], [334, 336], [449, 450], [449, 466], [457, 462]], "missing_branches": [[110, 111], [130, 131], [140, 141], [155, 157], [165, 166], [168, 169], [182, 183], [186, 187], [236, 240], [258, 259], [317, 319], [328, 329], [457, 458]], "functions": {"ThirdPartyBoundary.attribute": {"executed_lines": [52, 53, 54, 56, 57], "summary": {"covered_lines": 5, "num_statements": 6, "percent_covered": 83.33333333333333, "percent_covered_display": "83", "missing_lines": 1, "excluded_lines": 0, "percent_statements_covered": 83.33333333333333, "percent_statements_covered_display": "83", "num_branches": 0, "num_partial_branches": 0, "covered_branches": 0, "missing_branches": 0, "percent_branches_covered": 100.0, "percent_branches_covered_display": "100"}, "missing_lines": [55], "excluded_lines": [], "start_line": 50, "executed_branches": [], "missing_branches": []}, "ThirdPartyBoundary.text": {"executed_lines": [67, 68, 69, 71, 72, 73, 74, 75], "summary": {"covered_lines": 8, "num_statements": 9, "percent_covered": 90.9090909090909, "percent_covered_display": "91", "missing_lines": 1, "excluded_lines": 0, "percent_statements_covered": 88.88888888888889, "percent_statements_covered_display": "89", "num_branches": 2, "num_partial_branches": 0, "covered_branches": 2, "missing_branches": 0, "percent_branches_covered": 100.0, "percent_branches_covered_display": "100"}, "missing_lines": [70], "excluded_lines": [], "start_line": 60, "executed_branches": [[73, 74], [73, 75]], "missing_branches": []}, "ThirdPartyBoundary.mapping_items": {"executed_lines": [80, 81, 82, 83], "summary": {"covered_lines": 4, "num_statements": 8, "percent_covered": 60.0, "percent_covered_display": "60", "missing_lines": 4, "excluded_lines": 0, "percent_statements_covered": 50.0, "percent_statements_covered_display": "50", "num_branches": 2, "num_partial_branches": 0, "covered_branches": 2, "missing_branches": 0, "percent_branches_covered": 100.0, "percent_branches_covered_display": "100"}, "missing_lines": [84, 85, 86, 87], "excluded_lines": [], "start_line": 78, "executed_branches": [[80, 81], [80, 82]], "missing_branches": []}, "ThirdPartyBoundary.mapping_is_empty": {"executed_lines": [92, 93], "summary": {"covered_lines": 2, "num_statements": 6, "percent_covered": 33.333333333333336, "percent_covered_display": "33", "missing_lines": 4, "excluded_lines": 0, "percent_statements_covered": 33.333333333333336, "percent_statements_covered_display": "33", "num_branches": 0, "num_partial_branches": 0, "covered_branches": 0, "missing_branches": 0, "percent_branches_covered": 100.0, "percent_branches_covered_display": "100"}, "missing_lines": [94, 95, 96, 97], "excluded_lines": [], "start_line": 90, "executed_branches": [], "missing_branches": []}, "ThirdPartyBoundary.mapping_value": {"executed_lines": [102, 103, 104, 105], "summary": {"covered_lines": 4, "num_statements": 4, "percent_covered": 100.0, "percent_covered_display": "100", "missing_lines": 0, "excluded_lines": 0, "percent_statements_covered": 100.0, "percent_statements_covered_display": "100", "num_branches": 4, "num_partial_branches": 0, "covered_branches": 4, "missing_branches": 0, "percent_branches_covered": 100.0, "percent_branches_covered_display": "100"}, "missing_lines": [], "excluded_lines": [], "start_line": 100, "executed_branches": [[102, 103], [102, 105], [103, 102], [103, 104]], "missing_branches": []}, "ThirdPartyBoundary.iterable": {"executed_lines": [110, 112, 113], "summary": {"covered_lines": 3, "num_statements": 8, "percent_covered": 40.0, "percent_covered_display": "40", "missing_lines": 5, "excluded_lines": 0, "percent_statements_covered": 37.5, "percent_statements_covered_display": "38", "num_branches": 2, "num_partial_branches": 1, "covered_branches": 1, "missing_branches": 1, "percent_branches_covered": 50.0, "percent_branches_covered_display": "50"}, "missing_lines": [111, 114, 115, 116, 117], "excluded_lines": [], "start_line": 108, "executed_branches": [[110, 112]], "missing_branches": [[110, 111]]}, "BackupRecordNormalizer.__init__": {"executed_lines": [125], "summary": {"covered_lines": 1, "num_statements": 1, "percent_covered": 100.0, "percent_covered_display": "100", "missing_lines": 0, "excluded_lines": 0, "percent_statements_covered": 100.0, "percent_statements_covered_display": "100", "num_branches": 0, "num_partial_branches": 0, "covered_branches": 0, "missing_branches": 0, "percent_branches_covered": 100.0, "percent_branches_covered_display": "100"}, "missing_lines": [], "excluded_lines": [], "start_line": 123, "executed_branches": [], "missing_branches": []}, "BackupRecordNormalizer.as_datetime": {"executed_lines": [130, 133, 134, 136, 137, 138, 139, 140, 142], "summary": {"covered_lines": 9, "num_statements": 11, "percent_covered": 78.94736842105263, "percent_covered_display": "79", "missing_lines": 2, "excluded_lines": 0, "percent_statements_covered": 81.81818181818181, "percent_statements_covered_display": "82", "num_branches": 8, "num_partial_branches": 2, "covered_branches": 6, "missing_branches": 2, "percent_branches_covered": 75.0, "percent_branches_covered_display": "75"}, "missing_lines": [131, 141], "excluded_lines": [], "start_line": 128, "executed_branches": [[130, 133], [133, 134], [133, 136], [138, 139], [138, 140], [140, 142]], "missing_branches": [[130, 131], [140, 141]]}, "BackupRecordNormalizer.as_bool": {"executed_lines": [147], "summary": {"covered_lines": 1, "num_statements": 1, "percent_covered": 100.0, "percent_covered_display": "100", "missing_lines": 0, "excluded_lines": 0, "percent_statements_covered": 100.0, "percent_statements_covered_display": "100", "num_branches": 0, "num_partial_branches": 0, "covered_branches": 0, "missing_branches": 0, "percent_branches_covered": 100.0, "percent_branches_covered_display": "100"}, "missing_lines": [], "excluded_lines": [], "start_line": 145, "executed_branches": [], "missing_branches": []}, "BackupRecordNormalizer.as_nonnegative_int": {"executed_lines": [152, 153, 154, 155, 156, 157, 158], "summary": {"covered_lines": 7, "num_statements": 7, "percent_covered": 92.3076923076923, "percent_covered_display": "92", "missing_lines": 0, "excluded_lines": 0, "percent_statements_covered": 100.0, "percent_statements_covered_display": "100", "num_branches": 6, "num_partial_branches": 1, "covered_branches": 5, "missing_branches": 1, "percent_branches_covered": 83.33333333333333, "percent_branches_covered_display": "83"}, "missing_lines": [], "excluded_lines": [], "start_line": 150, "executed_branches": [[152, 153], [152, 154], [154, 155], [154, 157], [155, 156]], "missing_branches": [[155, 157]]}, "BackupRecordNormalizer.string_tuple": {"executed_lines": [163, 164, 165, 168, 171, 172, 177], "summary": {"covered_lines": 7, "num_statements": 10, "percent_covered": 68.75, "percent_covered_display": "69", "missing_lines": 3, "excluded_lines": 0, "percent_statements_covered": 70.0, "percent_statements_covered_display": "70", "num_branches": 6, "num_partial_branches": 2, "covered_branches": 4, "missing_branches": 2, "percent_branches_covered": 66.66666666666667, "percent_branches_covered_display": "67"}, "missing_lines": [166, 167, 169], "excluded_lines": [], "start_line": 161, "executed_branches": [[163, 164], [163, 165], [165, 168], [168, 171]], "missing_branches": [[165, 166], [168, 169]]}, "BackupRecordNormalizer._addon_iterable": {"executed_lines": [182, 184, 185, 186, 188], "summary": {"covered_lines": 5, "num_statements": 7, "percent_covered": 69.23076923076923, "percent_covered_display": "69", "missing_lines": 2, "excluded_lines": 0, "percent_statements_covered": 71.42857142857143, "percent_statements_covered_display": "71", "num_branches": 6, "num_partial_branches": 2, "covered_branches": 4, "missing_branches": 2, "percent_branches_covered": 66.66666666666667, "percent_branches_covered_display": "67"}, "missing_lines": [183, 187], "excluded_lines": [], "start_line": 180, "executed_branches": [[182, 184], [184, 185], [184, 186], [186, 188]], "missing_branches": [[182, 183], [186, 187]]}, "BackupRecordNormalizer._addon_slug": {"executed_lines": [193, 194, 196, 197, 198, 199, 200, 201], "summary": {"covered_lines": 8, "num_statements": 8, "percent_covered": 100.0, "percent_covered_display": "100", "missing_lines": 0, "excluded_lines": 0, "percent_statements_covered": 100.0, "percent_statements_covered_display": "100", "num_branches": 6, "num_partial_branches": 0, "covered_branches": 6, "missing_branches": 0, "percent_branches_covered": 100.0, "percent_branches_covered_display": "100"}, "missing_lines": [], "excluded_lines": [], "start_line": 191, "executed_branches": [[193, 194], [193, 196], [197, 198], [197, 199], [199, 200], [199, 201]], "missing_branches": []}, "BackupRecordNormalizer.addon_slugs": {"executed_lines": [206], "summary": {"covered_lines": 1, "num_statements": 1, "percent_covered": 100.0, "percent_covered_display": "100", "missing_lines": 0, "excluded_lines": 0, "percent_statements_covered": 100.0, "percent_statements_covered_display": "100", "num_branches": 0, "num_partial_branches": 0, "covered_branches": 0, "missing_branches": 0, "percent_branches_covered": 100.0, "percent_branches_covered_display": "100"}, "missing_lines": [], "excluded_lines": [], "start_line": 204, "executed_branches": [], "missing_branches": []}, "BackupRecordNormalizer.compare_copy_sizes": {"executed_lines": [219, 220, 221, 222, 223, 224, 228], "summary": {"covered_lines": 7, "num_statements": 7, "percent_covered": 100.0, "percent_covered_display": "100", "missing_lines": 0, "excluded_lines": 0, "percent_statements_covered": 100.0, "percent_statements_covered_display": "100", "num_branches": 2, "num_partial_branches": 0, "covered_branches": 2, "missing_branches": 0, "percent_branches_covered": 100.0, "percent_branches_covered_display": "100"}, "missing_lines": [], "excluded_lines": [], "start_line": 217, "executed_branches": [[219, 220], [219, 221]], "missing_branches": []}, "BackupRecordNormalizer._agent_detail": {"executed_lines": [233, 234, 235, 236, 237, 238, 239], "summary": {"covered_lines": 7, "num_statements": 8, "percent_covered": 85.71428571428571, "percent_covered_display": "86", "missing_lines": 1, "excluded_lines": 0, "percent_statements_covered": 87.5, "percent_statements_covered_display": "88", "num_branches": 6, "num_partial_branches": 1, "covered_branches": 5, "missing_branches": 1, "percent_branches_covered": 83.33333333333333, "percent_branches_covered_display": "83"}, "missing_lines": [240], "excluded_lines": [], "start_line": 231, "executed_branches": [[234, 235], [234, 236], [236, 237], [238, 236], [238, 239]], "missing_branches": [[236, 240]]}, "BackupRecordNormalizer._agent_copy": {"executed_lines": [244, 248, 249, 251, 252, 258, 261], "summary": {"covered_lines": 7, "num_statements": 8, "percent_covered": 83.33333333333333, "percent_covered_display": "83", "missing_lines": 1, "excluded_lines": 0, "percent_statements_covered": 87.5, "percent_statements_covered_display": "88", "num_branches": 4, "num_partial_branches": 1, "covered_branches": 3, "missing_branches": 1, "percent_branches_covered": 75.0, "percent_branches_covered_display": "75"}, "missing_lines": [259], "excluded_lines": [], "start_line": 242, "executed_branches": [[248, 249], [248, 251], [258, 261]], "missing_branches": [[258, 259]]}, "BackupRecordNormalizer._deduplicate_copies": {"executed_lines": [273, 274], "summary": {"covered_lines": 2, "num_statements": 2, "percent_covered": 100.0, "percent_covered_display": "100", "missing_lines": 0, "excluded_lines": 0, "percent_statements_covered": 100.0, "percent_statements_covered_display": "100", "num_branches": 0, "num_partial_branches": 0, "covered_branches": 0, "missing_branches": 0, "percent_branches_covered": 100.0, "percent_branches_covered_display": "100"}, "missing_lines": [], "excluded_lines": [], "start_line": 269, "executed_branches": [], "missing_branches": []}, "BackupRecordNormalizer._mapping_agent_copies": {"executed_lines": [281, 282, 283, 284, 286, 289, 290], "summary": {"covered_lines": 7, "num_statements": 7, "percent_covered": 100.0, "percent_covered_display": "100", "missing_lines": 0, "excluded_lines": 0, "percent_statements_covered": 100.0, "percent_statements_covered_display": "100", "num_branches": 2, "num_partial_branches": 0, "covered_branches": 2, "missing_branches": 0, "percent_branches_covered": 100.0, "percent_branches_covered_display": "100"}, "missing_lines": [], "excluded_lines": [], "start_line": 276, "executed_branches": [[282, 283], [282, 286]], "missing_branches": []}, "BackupRecordNormalizer._iterable_agent_copies": {"executed_lines": [297, 301, 311], "summary": {"covered_lines": 3, "num_statements": 3, "percent_covered": 100.0, "percent_covered_display": "100", "missing_lines": 0, "excluded_lines": 0, "percent_statements_covered": 100.0, "percent_statements_covered_display": "100", "num_branches": 0, "num_partial_branches": 0, "covered_branches": 0, "missing_branches": 0, "percent_branches_covered": 100.0, "percent_branches_covered_display": "100"}, "missing_lines": [], "excluded_lines": [], "start_line": 292, "executed_branches": [], "missing_branches": []}, "BackupRecordNormalizer._agent_copies": {"executed_lines": [315, 316, 317, 318], "summary": {"covered_lines": 4, "num_statements": 5, "percent_covered": 77.77777777777777, "percent_covered_display": "78", "missing_lines": 1, "excluded_lines": 0, "percent_statements_covered": 80.0, "percent_statements_covered_display": "80", "num_branches": 4, "num_partial_branches": 1, "covered_branches": 3, "missing_branches": 1, "percent_branches_covered": 75.0, "percent_branches_covered_display": "75"}, "missing_lines": [319], "excluded_lines": [], "start_line": 313, "executed_branches": [[315, 316], [315, 317], [317, 318]], "missing_branches": [[317, 319]]}, "BackupRecordNormalizer._backup_identity": {"executed_lines": [324, 325, 326, 327, 328, 331, 334, 335, 336], "summary": {"covered_lines": 9, "num_statements": 10, "percent_covered": 87.5, "percent_covered_display": "88", "missing_lines": 1, "excluded_lines": 0, "percent_statements_covered": 90.0, "percent_statements_covered_display": "90", "num_branches": 6, "num_partial_branches": 1, "covered_branches": 5, "missing_branches": 1, "percent_branches_covered": 83.33333333333333, "percent_branches_covered_display": "83"}, "missing_lines": [329], "excluded_lines": [], "start_line": 322, "executed_branches": [[325, 326], [325, 327], [328, 331], [334, 335], [334, 336]], "missing_branches": [[328, 329]]}, "BackupRecordNormalizer._failed_components": {"executed_lines": [343, 347, 351, 355], "summary": {"covered_lines": 4, "num_statements": 4, "percent_covered": 100.0, "percent_covered_display": "100", "missing_lines": 0, "excluded_lines": 0, "percent_statements_covered": 100.0, "percent_statements_covered_display": "100", "num_branches": 0, "num_partial_branches": 0, "covered_branches": 0, "missing_branches": 0, "percent_branches_covered": 100.0, "percent_branches_covered_display": "100"}, "missing_lines": [], "excluded_lines": [], "start_line": 339, "executed_branches": [], "missing_branches": []}, "BackupRecordNormalizer._copy_size_details": {"executed_lines": [363, 364, 367, 368], "summary": {"covered_lines": 4, "num_statements": 4, "percent_covered": 100.0, "percent_covered_display": "100", "missing_lines": 0, "excluded_lines": 0, "percent_statements_covered": 100.0, "percent_statements_covered_display": "100", "num_branches": 0, "num_partial_branches": 0, "covered_branches": 0, "missing_branches": 0, "percent_branches_covered": 100.0, "percent_branches_covered_display": "100"}, "missing_lines": [], "excluded_lines": [], "start_line": 357, "executed_branches": [], "missing_branches": []}, "BackupRecordNormalizer._backup_name": {"executed_lines": [373], "summary": {"covered_lines": 1, "num_statements": 1, "percent_covered": 100.0, "percent_covered_display": "100", "missing_lines": 0, "excluded_lines": 0, "percent_statements_covered": 100.0, "percent_statements_covered_display": "100", "num_branches": 0, "num_partial_branches": 0, "covered_branches": 0, "missing_branches": 0, "percent_branches_covered": 100.0, "percent_branches_covered_display": "100"}, "missing_lines": [], "excluded_lines": [], "start_line": 371, "executed_branches": [], "missing_branches": []}, "BackupRecordNormalizer._normalize_backup": {"executed_lines": [384, 385, 388, 389, 390, 391, 395, 398, 401, 404, 407, 412, 440], "summary": {"covered_lines": 13, "num_statements": 13, "percent_covered": 100.0, "percent_covered_display": "100", "missing_lines": 0, "excluded_lines": 0, "percent_statements_covered": 100.0, "percent_statements_covered_display": "100", "num_branches": 0, "num_partial_branches": 0, "covered_branches": 0, "missing_branches": 0, "percent_branches_covered": 100.0, "percent_branches_covered_display": "100"}, "missing_lines": [], "excluded_lines": [], "start_line": 382, "executed_branches": [], "missing_branches": []}, "BackupRecordNormalizer.normalize": {"executed_lines": [444, 445, 446, 447, 449, 450, 451, 452, 454, 455, 456, 457, 462, 463, 464, 466, 467], "summary": {"covered_lines": 17, "num_statements": 20, "percent_covered": 83.33333333333333, "percent_covered_display": "83", "missing_lines": 3, "excluded_lines": 0, "percent_statements_covered": 85.0, "percent_statements_covered_display": "85", "num_branches": 4, "num_partial_branches": 1, "covered_branches": 3, "missing_branches": 1, "percent_branches_covered": 75.0, "percent_branches_covered_display": "75"}, "missing_lines": [453, 458, 459], "excluded_lines": [], "start_line": 442, "executed_branches": [[449, 450], [449, 466], [457, 462]], "missing_branches": [[457, 458]]}, "": {"executed_lines": [3, 5, 6, 7, 8, 9, 11, 13, 14, 15, 21, 22, 23, 24, 25, 26, 29, 30, 33, 34, 37, 38, 41, 42, 43, 46, 49, 50, 59, 60, 77, 78, 89, 90, 99, 100, 107, 108, 120, 123, 127, 128, 144, 145, 149, 150, 160, 161, 179, 180, 190, 191, 203, 204, 216, 217, 230, 231, 242, 268, 269, 276, 292, 313, 321, 322, 338, 339, 357, 370, 371, 382, 442], "summary": {"covered_lines": 73, "num_statements": 73, "percent_covered": 100.0, "percent_covered_display": "100", "missing_lines": 0, "excluded_lines": 0, "percent_statements_covered": 100.0, "percent_statements_covered_display": "100", "num_branches": 0, "num_partial_branches": 0, "covered_branches": 0, "missing_branches": 0, "percent_branches_covered": 100.0, "percent_branches_covered_display": "100"}, "missing_lines": [], "excluded_lines": [], "start_line": 1, "executed_branches": [], "missing_branches": []}}, "classes": {"CopySizeComparison": {"executed_lines": [], "summary": {"covered_lines": 0, "num_statements": 0, "percent_covered": 100.0, "percent_covered_display": "100", "missing_lines": 0, "excluded_lines": 0, "percent_statements_covered": 100.0, "percent_statements_covered_display": "100", "num_branches": 0, "num_partial_branches": 0, "covered_branches": 0, "missing_branches": 0, "percent_branches_covered": 100.0, "percent_branches_covered_display": "100"}, "missing_lines": [], "excluded_lines": [], "start_line": 30, "executed_branches": [], "missing_branches": []}, "NormalizationResult": {"executed_lines": [], "summary": {"covered_lines": 0, "num_statements": 0, "percent_covered": 100.0, "percent_covered_display": "100", "missing_lines": 0, "excluded_lines": 0, "percent_statements_covered": 100.0, "percent_statements_covered_display": "100", "num_branches": 0, "num_partial_branches": 0, "covered_branches": 0, "missing_branches": 0, "percent_branches_covered": 100.0, "percent_branches_covered_display": "100"}, "missing_lines": [], "excluded_lines": [], "start_line": 38, "executed_branches": [], "missing_branches": []}, "ThirdPartyBoundary": {"executed_lines": [52, 53, 54, 56, 57, 67, 68, 69, 71, 72, 73, 74, 75, 80, 81, 82, 83, 92, 93, 102, 103, 104, 105, 110, 112, 113], "summary": {"covered_lines": 26, "num_statements": 41, "percent_covered": 68.62745098039215, "percent_covered_display": "69", "missing_lines": 15, "excluded_lines": 0, "percent_statements_covered": 63.41463414634146, "percent_statements_covered_display": "63", "num_branches": 10, "num_partial_branches": 1, "covered_branches": 9, "missing_branches": 1, "percent_branches_covered": 90.0, "percent_branches_covered_display": "90"}, "missing_lines": [55, 70, 84, 85, 86, 87, 94, 95, 96, 97, 111, 114, 115, 116, 117], "excluded_lines": [], "start_line": 46, "executed_branches": [[73, 74], [73, 75], [80, 81], [80, 82], [102, 103], [102, 105], [103, 102], [103, 104], [110, 112]], "missing_branches": [[110, 111]]}, "BackupRecordNormalizer": {"executed_lines": [125, 130, 133, 134, 136, 137, 138, 139, 140, 142, 147, 152, 153, 154, 155, 156, 157, 158, 163, 164, 165, 168, 171, 172, 177, 182, 184, 185, 186, 188, 193, 194, 196, 197, 198, 199, 200, 201, 206, 219, 220, 221, 222, 223, 224, 228, 233, 234, 235, 236, 237, 238, 239, 244, 248, 249, 251, 252, 258, 261, 273, 274, 281, 282, 283, 284, 286, 289, 290, 297, 301, 311, 315, 316, 317, 318, 324, 325, 326, 327, 328, 331, 334, 335, 336, 343, 347, 351, 355, 363, 364, 367, 368, 373, 384, 385, 388, 389, 390, 391, 395, 398, 401, 404, 407, 412, 440, 444, 445, 446, 447, 449, 450, 451, 452, 454, 455, 456, 457, 462, 463, 464, 466, 467], "summary": {"covered_lines": 124, "num_statements": 138, "percent_covered": 86.86868686868686, "percent_covered_display": "87", "missing_lines": 14, "excluded_lines": 0, "percent_statements_covered": 89.85507246376811, "percent_statements_covered_display": "90", "num_branches": 60, "num_partial_branches": 12, "covered_branches": 48, "missing_branches": 12, "percent_branches_covered": 80.0, "percent_branches_covered_display": "80"}, "missing_lines": [131, 141, 166, 167, 169, 183, 187, 240, 259, 319, 329, 453, 458, 459], "excluded_lines": [], "start_line": 120, "executed_branches": [[130, 133], [133, 134], [133, 136], [138, 139], [138, 140], [140, 142], [152, 153], [152, 154], [154, 155], [154, 157], [155, 156], [163, 164], [163, 165], [165, 168], [168, 171], [182, 184], [184, 185], [184, 186], [186, 188], [193, 194], [193, 196], [197, 198], [197, 199], [199, 200], [199, 201], [219, 220], [219, 221], [234, 235], [234, 236], [236, 237], [238, 236], [238, 239], [248, 249], [248, 251], [258, 261], [282, 283], [282, 286], [315, 316], [315, 317], [317, 318], [325, 326], [325, 327], [328, 331], [334, 335], [334, 336], [449, 450], [449, 466], [457, 462]], "missing_branches": [[130, 131], [140, 141], [155, 157], [165, 166], [168, 169], [182, 183], [186, 187], [236, 240], [258, 259], [317, 319], [328, 329], [457, 458]]}, "": {"executed_lines": [3, 5, 6, 7, 8, 9, 11, 13, 14, 15, 21, 22, 23, 24, 25, 26, 29, 30, 33, 34, 37, 38, 41, 42, 43, 46, 49, 50, 59, 60, 77, 78, 89, 90, 99, 100, 107, 108, 120, 123, 127, 128, 144, 145, 149, 150, 160, 161, 179, 180, 190, 191, 203, 204, 216, 217, 230, 231, 242, 268, 269, 276, 292, 313, 321, 322, 338, 339, 357, 370, 371, 382, 442], "summary": {"covered_lines": 73, "num_statements": 73, "percent_covered": 100.0, "percent_covered_display": "100", "missing_lines": 0, "excluded_lines": 0, "percent_statements_covered": 100.0, "percent_statements_covered_display": "100", "num_branches": 0, "num_partial_branches": 0, "covered_branches": 0, "missing_branches": 0, "percent_branches_covered": 100.0, "percent_branches_covered_display": "100"}, "missing_lines": [], "excluded_lines": [], "start_line": 1, "executed_branches": [], "missing_branches": []}}}, "custom_components/backup_checkup/binary_sensor.py": {"executed_lines": [3, 5, 6, 8, 13, 14, 15, 16, 17, 19, 20, 21, 22, 23, 26, 27, 30, 33, 175, 181, 182, 187, 188, 192, 193, 194, 196, 197, 200, 201, 202, 208, 209, 210, 212, 213, 214, 215, 216, 217, 218, 219, 220, 221, 222, 232, 235, 238, 240, 247, 248, 253, 254, 255, 257, 258, 260, 263, 269, 270, 271, 272, 274, 281, 287, 288, 289, 290, 292, 294, 303, 304, 306, 307, 309, 310, 312, 313], "summary": {"covered_lines": 78, "num_statements": 78, "percent_covered": 98.86363636363636, "percent_covered_display": "99", "missing_lines": 0, "excluded_lines": 0, "percent_statements_covered": 100.0, "percent_statements_covered_display": "100", "num_branches": 10, "num_partial_branches": 1, "covered_branches": 9, "missing_branches": 1, "percent_branches_covered": 90.0, "percent_branches_covered_display": "90"}, "missing_lines": [], "excluded_lines": [], "executed_branches": [[201, 202], [201, 212], [212, 213], [212, 214], [214, -196], [214, 215], [216, 217], [216, 218], [221, 222]], "missing_branches": [[221, 214]], "functions": {"async_setup_entry": {"executed_lines": [181, 182, 187, 188, 192, 193, 194, 196, 232], "summary": {"covered_lines": 9, "num_statements": 9, "percent_covered": 100.0, "percent_covered_display": "100", "missing_lines": 0, "excluded_lines": 0, "percent_statements_covered": 100.0, "percent_statements_covered_display": "100", "num_branches": 0, "num_partial_branches": 0, "covered_branches": 0, "missing_branches": 0, "percent_branches_covered": 100.0, "percent_branches_covered_display": "100"}, "missing_lines": [], "excluded_lines": [], "start_line": 175, "executed_branches": [], "missing_branches": []}, "async_setup_entry._sync_agents": {"executed_lines": [197, 200, 201, 202, 208, 209, 210, 212, 213, 214, 215, 216, 217, 218, 219, 220, 221, 222], "summary": {"covered_lines": 18, "num_statements": 18, "percent_covered": 96.42857142857143, "percent_covered_display": "96", "missing_lines": 0, "excluded_lines": 0, "percent_statements_covered": 100.0, "percent_statements_covered_display": "100", "num_branches": 10, "num_partial_branches": 1, "covered_branches": 9, "missing_branches": 1, "percent_branches_covered": 90.0, "percent_branches_covered_display": "90"}, "missing_lines": [], "excluded_lines": [], "start_line": 196, "executed_branches": [[201, 202], [201, 212], [212, 213], [212, 214], [214, -196], [214, 215], [216, 217], [216, 218], [221, 222]], "missing_branches": [[221, 214]]}, "BackupCheckupBinarySensor.__init__": {"executed_lines": [247, 248, 253, 254, 255], "summary": {"covered_lines": 5, "num_statements": 5, "percent_covered": 100.0, "percent_covered_display": "100", "missing_lines": 0, "excluded_lines": 0, "percent_statements_covered": 100.0, "percent_statements_covered_display": "100", "num_branches": 0, "num_partial_branches": 0, "covered_branches": 0, "missing_branches": 0, "percent_branches_covered": 100.0, "percent_branches_covered_display": "100"}, "missing_lines": [], "excluded_lines": [], "start_line": 240, "executed_branches": [], "missing_branches": []}, "BackupCheckupBinarySensor.is_on": {"executed_lines": [260], "summary": {"covered_lines": 1, "num_statements": 1, "percent_covered": 100.0, "percent_covered_display": "100", "missing_lines": 0, "excluded_lines": 0, "percent_statements_covered": 100.0, "percent_statements_covered_display": "100", "num_branches": 0, "num_partial_branches": 0, "covered_branches": 0, "missing_branches": 0, "percent_branches_covered": 100.0, "percent_branches_covered_display": "100"}, "missing_lines": [], "excluded_lines": [], "start_line": 258, "executed_branches": [], "missing_branches": []}, "BackupCheckupAgentProblemBinarySensor.__init__": {"executed_lines": [281, 287, 288, 289, 290], "summary": {"covered_lines": 5, "num_statements": 5, "percent_covered": 100.0, "percent_covered_display": "100", "missing_lines": 0, "excluded_lines": 0, "percent_statements_covered": 100.0, "percent_statements_covered_display": "100", "num_branches": 0, "num_partial_branches": 0, "covered_branches": 0, "missing_branches": 0, "percent_branches_covered": 100.0, "percent_branches_covered_display": "100"}, "missing_lines": [], "excluded_lines": [], "start_line": 274, "executed_branches": [], "missing_branches": []}, "BackupCheckupAgentProblemBinarySensor._summary": {"executed_lines": [294], "summary": {"covered_lines": 1, "num_statements": 1, "percent_covered": 100.0, "percent_covered_display": "100", "missing_lines": 0, "excluded_lines": 0, "percent_statements_covered": 100.0, "percent_statements_covered_display": "100", "num_branches": 0, "num_partial_branches": 0, "covered_branches": 0, "missing_branches": 0, "percent_branches_covered": 100.0, "percent_branches_covered_display": "100"}, "missing_lines": [], "excluded_lines": [], "start_line": 292, "executed_branches": [], "missing_branches": []}, "BackupCheckupAgentProblemBinarySensor.is_on": {"executed_lines": [306, 307], "summary": {"covered_lines": 2, "num_statements": 2, "percent_covered": 100.0, "percent_covered_display": "100", "missing_lines": 0, "excluded_lines": 0, "percent_statements_covered": 100.0, "percent_statements_covered_display": "100", "num_branches": 0, "num_partial_branches": 0, "covered_branches": 0, "missing_branches": 0, "percent_branches_covered": 100.0, "percent_branches_covered_display": "100"}, "missing_lines": [], "excluded_lines": [], "start_line": 304, "executed_branches": [], "missing_branches": []}, "BackupCheckupAgentProblemBinarySensor.extra_state_attributes": {"executed_lines": [312, 313], "summary": {"covered_lines": 2, "num_statements": 2, "percent_covered": 100.0, "percent_covered_display": "100", "missing_lines": 0, "excluded_lines": 0, "percent_statements_covered": 100.0, "percent_statements_covered_display": "100", "num_branches": 0, "num_partial_branches": 0, "covered_branches": 0, "missing_branches": 0, "percent_branches_covered": 100.0, "percent_branches_covered_display": "100"}, "missing_lines": [], "excluded_lines": [], "start_line": 310, "executed_branches": [], "missing_branches": []}, "": {"executed_lines": [3, 5, 6, 8, 13, 14, 15, 16, 17, 19, 20, 21, 22, 23, 26, 27, 30, 33, 175, 235, 238, 240, 257, 258, 263, 269, 270, 271, 272, 274, 292, 303, 304, 309, 310], "summary": {"covered_lines": 35, "num_statements": 35, "percent_covered": 100.0, "percent_covered_display": "100", "missing_lines": 0, "excluded_lines": 0, "percent_statements_covered": 100.0, "percent_statements_covered_display": "100", "num_branches": 0, "num_partial_branches": 0, "covered_branches": 0, "missing_branches": 0, "percent_branches_covered": 100.0, "percent_branches_covered_display": "100"}, "missing_lines": [], "excluded_lines": [], "start_line": 1, "executed_branches": [], "missing_branches": []}}, "classes": {"BackupCheckupBinarySensorDescription": {"executed_lines": [], "summary": {"covered_lines": 0, "num_statements": 0, "percent_covered": 100.0, "percent_covered_display": "100", "missing_lines": 0, "excluded_lines": 0, "percent_statements_covered": 100.0, "percent_statements_covered_display": "100", "num_branches": 0, "num_partial_branches": 0, "covered_branches": 0, "missing_branches": 0, "percent_branches_covered": 100.0, "percent_branches_covered_display": "100"}, "missing_lines": [], "excluded_lines": [], "start_line": 27, "executed_branches": [], "missing_branches": []}, "BackupCheckupBinarySensor": {"executed_lines": [247, 248, 253, 254, 255, 260], "summary": {"covered_lines": 6, "num_statements": 6, "percent_covered": 100.0, "percent_covered_display": "100", "missing_lines": 0, "excluded_lines": 0, "percent_statements_covered": 100.0, "percent_statements_covered_display": "100", "num_branches": 0, "num_partial_branches": 0, "covered_branches": 0, "missing_branches": 0, "percent_branches_covered": 100.0, "percent_branches_covered_display": "100"}, "missing_lines": [], "excluded_lines": [], "start_line": 235, "executed_branches": [], "missing_branches": []}, "BackupCheckupAgentProblemBinarySensor": {"executed_lines": [281, 287, 288, 289, 290, 294, 306, 307, 312, 313], "summary": {"covered_lines": 10, "num_statements": 10, "percent_covered": 100.0, "percent_covered_display": "100", "missing_lines": 0, "excluded_lines": 0, "percent_statements_covered": 100.0, "percent_statements_covered_display": "100", "num_branches": 0, "num_partial_branches": 0, "covered_branches": 0, "missing_branches": 0, "percent_branches_covered": 100.0, "percent_branches_covered_display": "100"}, "missing_lines": [], "excluded_lines": [], "start_line": 263, "executed_branches": [], "missing_branches": []}, "": {"executed_lines": [3, 5, 6, 8, 13, 14, 15, 16, 17, 19, 20, 21, 22, 23, 26, 27, 30, 33, 175, 181, 182, 187, 188, 192, 193, 194, 196, 197, 200, 201, 202, 208, 209, 210, 212, 213, 214, 215, 216, 217, 218, 219, 220, 221, 222, 232, 235, 238, 240, 257, 258, 263, 269, 270, 271, 272, 274, 292, 303, 304, 309, 310], "summary": {"covered_lines": 62, "num_statements": 62, "percent_covered": 98.61111111111111, "percent_covered_display": "99", "missing_lines": 0, "excluded_lines": 0, "percent_statements_covered": 100.0, "percent_statements_covered_display": "100", "num_branches": 10, "num_partial_branches": 1, "covered_branches": 9, "missing_branches": 1, "percent_branches_covered": 90.0, "percent_branches_covered_display": "90"}, "missing_lines": [], "excluded_lines": [], "start_line": 1, "executed_branches": [[201, 202], [201, 212], [212, 213], [212, 214], [214, -196], [214, 215], [216, 217], [216, 218], [221, 222]], "missing_branches": [[221, 214]]}}}, "custom_components/backup_checkup/button.py": {"executed_lines": [3, 5, 6, 7, 8, 9, 11, 17, 18, 21, 27, 28, 37, 40, 41, 43, 49, 50, 51, 53, 54, 56, 63, 65, 73, 76, 77, 78, 80, 86, 87, 88, 90, 92, 100, 103, 104, 105, 107, 113, 114, 115, 117, 118, 120, 126, 128], "summary": {"covered_lines": 47, "num_statements": 47, "percent_covered": 100.0, "percent_covered_display": "100", "missing_lines": 0, "excluded_lines": 0, "percent_statements_covered": 100.0, "percent_statements_covered_display": "100", "num_branches": 0, "num_partial_branches": 0, "covered_branches": 0, "missing_branches": 0, "percent_branches_covered": 100.0, "percent_branches_covered_display": "100"}, "missing_lines": [], "excluded_lines": [], "executed_branches": [], "missing_branches": [], "functions": {"async_setup_entry": {"executed_lines": [27, 28], "summary": {"covered_lines": 2, "num_statements": 2, "percent_covered": 100.0, "percent_covered_display": "100", "missing_lines": 0, "excluded_lines": 0, "percent_statements_covered": 100.0, "percent_statements_covered_display": "100", "num_branches": 0, "num_partial_branches": 0, "covered_branches": 0, "missing_branches": 0, "percent_branches_covered": 100.0, "percent_branches_covered_display": "100"}, "missing_lines": [], "excluded_lines": [], "start_line": 21, "executed_branches": [], "missing_branches": []}, "BackupCheckupVerifyButton.__init__": {"executed_lines": [49, 50, 51], "summary": {"covered_lines": 3, "num_statements": 3, "percent_covered": 100.0, "percent_covered_display": "100", "missing_lines": 0, "excluded_lines": 0, "percent_statements_covered": 100.0, "percent_statements_covered_display": "100", "num_branches": 0, "num_partial_branches": 0, "covered_branches": 0, "missing_branches": 0, "percent_branches_covered": 100.0, "percent_branches_covered_display": "100"}, "missing_lines": [], "excluded_lines": [], "start_line": 43, "executed_branches": [], "missing_branches": []}, "BackupCheckupVerifyButton.available": {"executed_lines": [56], "summary": {"covered_lines": 1, "num_statements": 1, "percent_covered": 100.0, "percent_covered_display": "100", "missing_lines": 0, "excluded_lines": 0, "percent_statements_covered": 100.0, "percent_statements_covered_display": "100", "num_branches": 0, "num_partial_branches": 0, "covered_branches": 0, "missing_branches": 0, "percent_branches_covered": 100.0, "percent_branches_covered_display": "100"}, "missing_lines": [], "excluded_lines": [], "start_line": 54, "executed_branches": [], "missing_branches": []}, "BackupCheckupVerifyButton.async_press": {"executed_lines": [65], "summary": {"covered_lines": 1, "num_statements": 1, "percent_covered": 100.0, "percent_covered_display": "100", "missing_lines": 0, "excluded_lines": 0, "percent_statements_covered": 100.0, "percent_statements_covered_display": "100", "num_branches": 0, "num_partial_branches": 0, "covered_branches": 0, "missing_branches": 0, "percent_branches_covered": 100.0, "percent_branches_covered_display": "100"}, "missing_lines": [], "excluded_lines": [], "start_line": 63, "executed_branches": [], "missing_branches": []}, "BackupCheckupRefreshButton.__init__": {"executed_lines": [86, 87, 88], "summary": {"covered_lines": 3, "num_statements": 3, "percent_covered": 100.0, "percent_covered_display": "100", "missing_lines": 0, "excluded_lines": 0, "percent_statements_covered": 100.0, "percent_statements_covered_display": "100", "num_branches": 0, "num_partial_branches": 0, "covered_branches": 0, "missing_branches": 0, "percent_branches_covered": 100.0, "percent_branches_covered_display": "100"}, "missing_lines": [], "excluded_lines": [], "start_line": 80, "executed_branches": [], "missing_branches": []}, "BackupCheckupRefreshButton.async_press": {"executed_lines": [92], "summary": {"covered_lines": 1, "num_statements": 1, "percent_covered": 100.0, "percent_covered_display": "100", "missing_lines": 0, "excluded_lines": 0, "percent_statements_covered": 100.0, "percent_statements_covered_display": "100", "num_branches": 0, "num_partial_branches": 0, "covered_branches": 0, "missing_branches": 0, "percent_branches_covered": 100.0, "percent_branches_covered_display": "100"}, "missing_lines": [], "excluded_lines": [], "start_line": 90, "executed_branches": [], "missing_branches": []}, "BackupCheckupTestNotificationButton.__init__": {"executed_lines": [113, 114, 115], "summary": {"covered_lines": 3, "num_statements": 3, "percent_covered": 100.0, "percent_covered_display": "100", "missing_lines": 0, "excluded_lines": 0, "percent_statements_covered": 100.0, "percent_statements_covered_display": "100", "num_branches": 0, "num_partial_branches": 0, "covered_branches": 0, "missing_branches": 0, "percent_branches_covered": 100.0, "percent_branches_covered_display": "100"}, "missing_lines": [], "excluded_lines": [], "start_line": 107, "executed_branches": [], "missing_branches": []}, "BackupCheckupTestNotificationButton.available": {"executed_lines": [120], "summary": {"covered_lines": 1, "num_statements": 1, "percent_covered": 100.0, "percent_covered_display": "100", "missing_lines": 0, "excluded_lines": 0, "percent_statements_covered": 100.0, "percent_statements_covered_display": "100", "num_branches": 0, "num_partial_branches": 0, "covered_branches": 0, "missing_branches": 0, "percent_branches_covered": 100.0, "percent_branches_covered_display": "100"}, "missing_lines": [], "excluded_lines": [], "start_line": 118, "executed_branches": [], "missing_branches": []}, "BackupCheckupTestNotificationButton.async_press": {"executed_lines": [128], "summary": {"covered_lines": 1, "num_statements": 1, "percent_covered": 100.0, "percent_covered_display": "100", "missing_lines": 0, "excluded_lines": 0, "percent_statements_covered": 100.0, "percent_statements_covered_display": "100", "num_branches": 0, "num_partial_branches": 0, "covered_branches": 0, "missing_branches": 0, "percent_branches_covered": 100.0, "percent_branches_covered_display": "100"}, "missing_lines": [], "excluded_lines": [], "start_line": 126, "executed_branches": [], "missing_branches": []}, "": {"executed_lines": [3, 5, 6, 7, 8, 9, 11, 17, 18, 21, 37, 40, 41, 43, 53, 54, 63, 73, 76, 77, 78, 80, 90, 100, 103, 104, 105, 107, 117, 118, 126], "summary": {"covered_lines": 31, "num_statements": 31, "percent_covered": 100.0, "percent_covered_display": "100", "missing_lines": 0, "excluded_lines": 0, "percent_statements_covered": 100.0, "percent_statements_covered_display": "100", "num_branches": 0, "num_partial_branches": 0, "covered_branches": 0, "missing_branches": 0, "percent_branches_covered": 100.0, "percent_branches_covered_display": "100"}, "missing_lines": [], "excluded_lines": [], "start_line": 1, "executed_branches": [], "missing_branches": []}}, "classes": {"BackupCheckupVerifyButton": {"executed_lines": [49, 50, 51, 56, 65], "summary": {"covered_lines": 5, "num_statements": 5, "percent_covered": 100.0, "percent_covered_display": "100", "missing_lines": 0, "excluded_lines": 0, "percent_statements_covered": 100.0, "percent_statements_covered_display": "100", "num_branches": 0, "num_partial_branches": 0, "covered_branches": 0, "missing_branches": 0, "percent_branches_covered": 100.0, "percent_branches_covered_display": "100"}, "missing_lines": [], "excluded_lines": [], "start_line": 37, "executed_branches": [], "missing_branches": []}, "BackupCheckupRefreshButton": {"executed_lines": [86, 87, 88, 92], "summary": {"covered_lines": 4, "num_statements": 4, "percent_covered": 100.0, "percent_covered_display": "100", "missing_lines": 0, "excluded_lines": 0, "percent_statements_covered": 100.0, "percent_statements_covered_display": "100", "num_branches": 0, "num_partial_branches": 0, "covered_branches": 0, "missing_branches": 0, "percent_branches_covered": 100.0, "percent_branches_covered_display": "100"}, "missing_lines": [], "excluded_lines": [], "start_line": 73, "executed_branches": [], "missing_branches": []}, "BackupCheckupTestNotificationButton": {"executed_lines": [113, 114, 115, 120, 128], "summary": {"covered_lines": 5, "num_statements": 5, "percent_covered": 100.0, "percent_covered_display": "100", "missing_lines": 0, "excluded_lines": 0, "percent_statements_covered": 100.0, "percent_statements_covered_display": "100", "num_branches": 0, "num_partial_branches": 0, "covered_branches": 0, "missing_branches": 0, "percent_branches_covered": 100.0, "percent_branches_covered_display": "100"}, "missing_lines": [], "excluded_lines": [], "start_line": 100, "executed_branches": [], "missing_branches": []}, "": {"executed_lines": [3, 5, 6, 7, 8, 9, 11, 17, 18, 21, 27, 28, 37, 40, 41, 43, 53, 54, 63, 73, 76, 77, 78, 80, 90, 100, 103, 104, 105, 107, 117, 118, 126], "summary": {"covered_lines": 33, "num_statements": 33, "percent_covered": 100.0, "percent_covered_display": "100", "missing_lines": 0, "excluded_lines": 0, "percent_statements_covered": 100.0, "percent_statements_covered_display": "100", "num_branches": 0, "num_partial_branches": 0, "covered_branches": 0, "missing_branches": 0, "percent_branches_covered": 100.0, "percent_branches_covered_display": "100"}, "missing_lines": [], "excluded_lines": [], "start_line": 1, "executed_branches": [], "missing_branches": []}}}, "custom_components/backup_checkup/classification.py": {"executed_lines": [3, 5, 6, 7, 9, 15, 18, 20, 21, 22, 23, 24, 27, 31, 36, 41, 52, 60, 61, 62, 67, 70, 78, 79, 80, 81, 82, 83], "summary": {"covered_lines": 28, "num_statements": 28, "percent_covered": 100.0, "percent_covered_display": "100", "missing_lines": 0, "excluded_lines": 0, "percent_statements_covered": 100.0, "percent_statements_covered_display": "100", "num_branches": 10, "num_partial_branches": 0, "covered_branches": 10, "missing_branches": 0, "percent_branches_covered": 100.0, "percent_branches_covered_display": "100"}, "missing_lines": [], "excluded_lines": [], "executed_branches": [[20, 21], [20, 24], [22, 23], [22, 24], [60, 61], [60, 62], [79, 80], [79, 81], [81, 82], [81, 83]], "missing_branches": [], "functions": {"classify_backup_purpose": {"executed_lines": [20, 21, 22, 23, 24], "summary": {"covered_lines": 5, "num_statements": 5, "percent_covered": 100.0, "percent_covered_display": "100", "missing_lines": 0, "excluded_lines": 0, "percent_statements_covered": 100.0, "percent_statements_covered_display": "100", "num_branches": 4, "num_partial_branches": 0, "covered_branches": 4, "missing_branches": 0, "percent_branches_covered": 100.0, "percent_branches_covered_display": "100"}, "missing_lines": [], "excluded_lines": [], "start_line": 18, "executed_branches": [[20, 21], [20, 24], [22, 23], [22, 24]], "missing_branches": []}, "monitoring_backups": {"executed_lines": [31], "summary": {"covered_lines": 1, "num_statements": 1, "percent_covered": 100.0, "percent_covered_display": "100", "missing_lines": 0, "excluded_lines": 0, "percent_statements_covered": 100.0, "percent_statements_covered_display": "100", "num_branches": 0, "num_partial_branches": 0, "covered_branches": 0, "missing_branches": 0, "percent_branches_covered": 100.0, "percent_branches_covered_display": "100"}, "missing_lines": [], "excluded_lines": [], "start_line": 27, "executed_branches": [], "missing_branches": []}, "comparable_size_backups": {"executed_lines": [41], "summary": {"covered_lines": 1, "num_statements": 1, "percent_covered": 100.0, "percent_covered_display": "100", "missing_lines": 0, "excluded_lines": 0, "percent_statements_covered": 100.0, "percent_statements_covered_display": "100", "num_branches": 0, "num_partial_branches": 0, "covered_branches": 0, "missing_branches": 0, "percent_branches_covered": 100.0, "percent_branches_covered_display": "100"}, "missing_lines": [], "excluded_lines": [], "start_line": 36, "executed_branches": [], "missing_branches": []}, "automatic_size_drop_is_suspicious": {"executed_lines": [60, 61, 62, 67], "summary": {"covered_lines": 4, "num_statements": 4, "percent_covered": 100.0, "percent_covered_display": "100", "missing_lines": 0, "excluded_lines": 0, "percent_statements_covered": 100.0, "percent_statements_covered_display": "100", "num_branches": 2, "num_partial_branches": 0, "covered_branches": 2, "missing_branches": 0, "percent_branches_covered": 100.0, "percent_branches_covered_display": "100"}, "missing_lines": [], "excluded_lines": [], "start_line": 52, "executed_branches": [[60, 61], [60, 62]], "missing_branches": []}, "automatic_backup_failed": {"executed_lines": [78, 79, 80, 81, 82, 83], "summary": {"covered_lines": 6, "num_statements": 6, "percent_covered": 100.0, "percent_covered_display": "100", "missing_lines": 0, "excluded_lines": 0, "percent_statements_covered": 100.0, "percent_statements_covered_display": "100", "num_branches": 4, "num_partial_branches": 0, "covered_branches": 4, "missing_branches": 0, "percent_branches_covered": 100.0, "percent_branches_covered_display": "100"}, "missing_lin
[...]
s": [672], "summary": {"covered_lines": 1, "num_statements": 1, "percent_covered": 100.0, "percent_covered_display": "100", "missing_lines": 0, "excluded_lines": 0, "percent_statements_covered": 100.0, "percent_statements_covered_display": "100", "num_branches": 0, "num_partial_branches": 0, "covered_branches": 0, "missing_branches": 0, "percent_branches_covered": 100.0, "percent_branches_covered_display": "100"}, "missing_lines": [], "excluded_lines": [], "start_line": 666, "executed_branches": [], "missing_branches": []}, "_flatten_agent_entities": {"executed_lines": [682], "summary": {"covered_lines": 1, "num_statements": 1, "percent_covered": 100.0, "percent_covered_display": "100", "missing_lines": 0, "excluded_lines": 0, "percent_statements_covered": 100.0, "percent_statements_covered_display": "100", "num_branches": 0, "num_partial_branches": 0, "covered_branches": 0, "missing_branches": 0, "percent_branches_covered": 100.0, "percent_branches_covered_display": "100"}, "missing_lines": [], "excluded_lines": [], "start_line": 678, "executed_branches": [], "missing_branches": []}, "_add_new_agent_sensors": {"executed_lines": [695, 696, 697, 698, 702, 703, 704], "summary": {"covered_lines": 7, "num_statements": 7, "percent_covered": 100.0, "percent_covered_display": "100", "missing_lines": 0, "excluded_lines": 0, "percent_statements_covered": 100.0, "percent_statements_covered_display": "100", "num_branches": 2, "num_partial_branches": 0, "covered_branches": 2, "missing_branches": 0, "percent_branches_covered": 100.0, "percent_branches_covered_display": "100"}, "missing_lines": [], "excluded_lines": [], "start_line": 685, "executed_branches": [[696, 697], [696, 698]], "missing_branches": []}, "_remove_missing_agent_sensors": {"executed_lines": [717, 718, 719, 720, 721, 722, 723, 724, 725, 726, 727], "summary": {"covered_lines": 11, "num_statements": 11, "percent_covered": 94.73684210526316, "percent_covered_display": "95", "missing_lines": 0, "excluded_lines": 0, "percent_statements_covered": 100.0, "percent_statements_covered_display": "100", "num_branches": 8, "num_partial_branches": 1, "covered_branches": 7, "missing_branches": 1, "percent_branches_covered": 87.5, "percent_branches_covered_display": "88"}, "missing_lines": [], "excluded_lines": [], "start_line": 707, "executed_branches": [[717, 718], [717, 719], [719, -707], [719, 720], [721, 722], [721, 723], [726, 727]], "missing_branches": [[726, 719]]}, "async_setup_entry": {"executed_lines": [744, 745, 746, 747, 748, 752, 755, 756, 757, 759, 780], "summary": {"covered_lines": 11, "num_statements": 11, "percent_covered": 100.0, "percent_covered_display": "100", "missing_lines": 0, "excluded_lines": 0, "percent_statements_covered": 100.0, "percent_statements_covered_display": "100", "num_branches": 0, "num_partial_branches": 0, "covered_branches": 0, "missing_branches": 0, "percent_branches_covered": 100.0, "percent_branches_covered_display": "100"}, "missing_lines": [], "excluded_lines": [], "start_line": 738, "executed_branches": [], "missing_branches": []}, "async_setup_entry._sync_agents": {"executed_lines": [760, 763, 771], "summary": {"covered_lines": 3, "num_statements": 3, "percent_covered": 100.0, "percent_covered_display": "100", "missing_lines": 0, "excluded_lines": 0, "percent_statements_covered": 100.0, "percent_statements_covered_display": "100", "num_branches": 0, "num_partial_branches": 0, "covered_branches": 0, "missing_branches": 0, "percent_branches_covered": 100.0, "percent_branches_covered_display": "100"}, "missing_lines": [], "excluded_lines": [], "start_line": 759, "executed_branches": [], "missing_branches": []}, "BackupCheckupSensor.__init__": {"executed_lines": [795, 796, 797, 802, 803, 804, 805, 806, 807], "summary": {"covered_lines": 9, "num_statements": 9, "percent_covered": 100.0, "percent_covered_display": "100", "missing_lines": 0, "excluded_lines": 0, "percent_statements_covered": 100.0, "percent_statements_covered_display": "100", "num_branches": 2, "num_partial_branches": 0, "covered_branches": 2, "missing_branches": 0, "percent_branches_covered": 100.0, "percent_branches_covered_display": "100"}, "missing_lines": [], "excluded_lines": [], "start_line": 788, "executed_branches": [[802, 803], [802, 805]], "missing_branches": []}, "BackupCheckupSensor.native_value": {"executed_lines": [812], "summary": {"covered_lines": 1, "num_statements": 1, "percent_covered": 100.0, "percent_covered_display": "100", "missing_lines": 0, "excluded_lines": 0, "percent_statements_covered": 100.0, "percent_statements_covered_display": "100", "num_branches": 0, "num_partial_branches": 0, "covered_branches": 0, "missing_branches": 0, "percent_branches_covered": 100.0, "percent_branches_covered_display": "100"}, "missing_lines": [], "excluded_lines": [], "start_line": 810, "executed_branches": [], "missing_branches": []}, "BackupCheckupSensor.extra_state_attributes": {"executed_lines": [817, 818], "summary": {"covered_lines": 2, "num_statements": 3, "percent_covered": 60.0, "percent_covered_display": "60", "missing_lines": 1, "excluded_lines": 0, "percent_statements_covered": 66.66666666666667, "percent_statements_covered_display": "67", "num_branches": 2, "num_partial_branches": 1, "covered_branches": 1, "missing_branches": 1, "percent_branches_covered": 50.0, "percent_branches_covered_display": "50"}, "missing_lines": [819], "excluded_lines": [], "start_line": 815, "executed_branches": [[817, 818]], "missing_branches": [[817, 819]]}, "BackupCheckupAgentSensor.__init__": {"executed_lines": [833, 834, 835, 836, 837, 838, 839, 841, 848, 849, 850, 851, 852, 853, 854, 855, 856, 857, 858, 859, 860, 861, 862, 864], "summary": {"covered_lines": 24, "num_statements": 24, "percent_covered": 100.0, "percent_covered_display": "100", "missing_lines": 0, "excluded_lines": 0, "percent_statements_covered": 100.0, "percent_statements_covered_display": "100", "num_branches": 6, "num_partial_branches": 0, "covered_branches": 6, "missing_branches": 0, "percent_branches_covered": 100.0, "percent_branches_covered_display": "100"}, "missing_lines": [], "excluded_lines": [], "start_line": 825, "executed_branches": [[848, 849], [848, 851], [851, 852], [851, 857], [857, 858], [857, 864]], "missing_branches": []}, "BackupCheckupAgentSensor._summary": {"executed_lines": [868], "summary": {"covered_lines": 1, "num_statements": 1, "percent_covered": 100.0, "percent_covered_display": "100", "missing_lines": 0, "excluded_lines": 0, "percent_statements_covered": 100.0, "percent_statements_covered_display": "100", "num_branches": 0, "num_partial_branches": 0, "covered_branches": 0, "missing_branches": 0, "percent_branches_covered": 100.0, "percent_branches_covered_display": "100"}, "missing_lines": [], "excluded_lines": [], "start_line": 866, "executed_branches": [], "missing_branches": []}, "BackupCheckupAgentSensor.native_value": {"executed_lines": [880, 881, 882, 883, 898], "summary": {"covered_lines": 5, "num_statements": 5, "percent_covered": 100.0, "percent_covered_display": "100", "missing_lines": 0, "excluded_lines": 0, "percent_statements_covered": 100.0, "percent_statements_covered_display": "100", "num_branches": 2, "num_partial_branches": 0, "covered_branches": 2, "missing_branches": 0, "percent_branches_covered": 100.0, "percent_branches_covered_display": "100"}, "missing_lines": [], "excluded_lines": [], "start_line": 878, "executed_branches": [[881, 882], [881, 883]], "missing_branches": []}, "BackupCheckupAgentSensor.extra_state_attributes": {"executed_lines": [903, 904, 905, 906, 909, 910, 911, 916, 917, 920], "summary": {"covered_lines": 10, "num_statements": 12, "percent_covered": 75.0, "percent_covered_display": "75", "missing_lines": 2, "excluded_lines": 0, "percent_statements_covered": 83.33333333333333, "percent_statements_covered_display": "83", "num_branches": 8, "num_partial_branches": 1, "covered_branches": 5, "missing_branches": 3, "percent_branches_covered": 62.5, "percent_branches_covered_display": "62"}, "missing_lines": [918, 919], "excluded_lines": [], "start_line": 901, "executed_branches": [[904, 905], [904, 906], [909, 910], [909, 916], [916, 917]], "missing_branches": [[916, 918], [918, 919], [918, 920]]}, "": {"executed_lines": [3, 5, 6, 7, 9, 15, 16, 23, 24, 25, 26, 28, 29, 30, 42, 43, 44, 45, 48, 49, 52, 53, 56, 70, 83, 605, 614, 627, 641, 666, 678, 685, 707, 738, 783, 786, 788, 809, 810, 814, 815, 822, 825, 866, 877, 878, 900, 901], "summary": {"covered_lines": 48, "num_statements": 48, "percent_covered": 100.0, "percent_covered_display": "100", "missing_lines": 0, "excluded_lines": 0, "percent_statements_covered": 100.0, "percent_statements_covered_display": "100", "num_branches": 0, "num_partial_branches": 0, "covered_branches": 0, "missing_branches": 0, "percent_branches_covered": 100.0, "percent_branches_covered_display": "100"}, "missing_lines": [], "excluded_lines": [], "start_line": 1, "executed_branches": [], "missing_branches": []}}, "classes": {"BackupCheckupSensorDescription": {"executed_lines": [], "summary": {"covered_lines": 0, "num_statements": 0, "percent_covered": 100.0, "percent_covered_display": "100", "missing_lines": 0, "excluded_lines": 0, "percent_statements_covered": 100.0, "percent_statements_covered_display": "100", "num_branches": 0, "num_partial_branches": 0, "covered_branches": 0, "missing_branches": 0, "percent_branches_covered": 100.0, "percent_branches_covered_display": "100"}, "missing_lines": [], "excluded_lines": [], "start_line": 49, "executed_branches": [], "missing_branches": []}, "BackupCheckupSensor": {"executed_lines": [795, 796, 797, 802, 803, 804, 805, 806, 807, 812, 817, 818], "summary": {"covered_lines": 12, "num_statements": 13, "percent_covered": 88.23529411764706, "percent_covered_display": "88", "missing_lines": 1, "excluded_lines": 0, "percent_statements_covered": 92.3076923076923, "percent_statements_covered_display": "92", "num_branches": 4, "num_partial_branches": 1, "covered_branches": 3, "missing_branches": 1, "percent_branches_covered": 75.0, "percent_branches_covered_display": "75"}, "missing_lines": [819], "excluded_lines": [], "start_line": 783, "executed_branches": [[802, 803], [802, 805], [817, 818]], "missing_branches": [[817, 819]]}, "BackupCheckupAgentSensor": {"executed_lines": [833, 834, 835, 836, 837, 838, 839, 841, 848, 849, 850, 851, 852, 853, 854, 855, 856, 857, 858, 859, 860, 861, 862, 864, 868, 880, 881, 882, 883, 898, 903, 904, 905, 906, 909, 910, 911, 916, 917, 920], "summary": {"covered_lines": 40, "num_statements": 42, "percent_covered": 91.37931034482759, "percent_covered_display": "91", "missing_lines": 2, "excluded_lines": 0, "percent_statements_covered": 95.23809523809524, "percent_statements_covered_display": "95", "num_branches": 16, "num_partial_branches": 1, "covered_branches": 13, "missing_branches": 3, "percent_branches_covered": 81.25, "percent_branches_covered_display": "81"}, "missing_lines": [918, 919], "excluded_lines": [], "start_line": 822, "executed_branches": [[848, 849], [848, 851], [851, 852], [851, 857], [857, 858], [857, 864], [881, 882], [881, 883], [904, 905], [904, 906], [909, 910], [909, 916], [916, 917]], "missing_branches": [[916, 918], [918, 919], [918, 920]]}, "": {"executed_lines": [3, 5, 6, 7, 9, 15, 16, 23, 24, 25, 26, 28, 29, 30, 42, 43, 44, 45, 48, 49, 52, 53, 56, 70, 83, 605, 614, 627, 641, 666, 672, 678, 682, 685, 695, 696, 697, 698, 702, 703, 704, 707, 717, 718, 719, 720, 721, 722, 723, 724, 725, 726, 727, 738, 744, 745, 746, 747, 748, 752, 755, 756, 757, 759, 760, 763, 771, 780, 783, 786, 788, 809, 810, 814, 815, 822, 825, 866, 877, 878, 900, 901], "summary": {"covered_lines": 82, "num_statements": 110, "percent_covered": 66.91176470588235, "percent_covered_display": "67", "missing_lines": 28, "excluded_lines": 0, "percent_statements_covered": 74.54545454545455, "percent_statements_covered_display": "75", "num_branches": 26, "num_partial_branches": 1, "covered_branches": 9, "missing_branches": 17, "percent_branches_covered": 34.61538461538461, "percent_branches_covered_display": "35"}, "missing_lines": [58, 59, 60, 72, 73, 74, 75, 80, 629, 630, 631, 632, 633, 634, 635, 636, 637, 638, 643, 644, 645, 646, 654, 656, 657, 658, 660, 661], "excluded_lines": [], "start_line": 1, "executed_branches": [[696, 697], [696, 698], [717, 718], [717, 719], [719, -707], [719, 720], [721, 722], [721, 723], [726, 727]], "missing_branches": [[58, 59], [58, 60], [73, 74], [73, 75], [630, -627], [630, 631], [633, 634], [633, 635], [636, 637], [636, 638], [644, -641], [644, 645], [646, 654], [646, 656], [657, 658], [657, 660], [726, 719]]}}}, "custom_components/backup_checkup/storage_cleanup.py": {"executed_lines": [3, 5, 6, 7, 9, 11, 12, 18, 19, 22, 23, 26, 31, 32, 34, 35, 36, 37, 41, 42, 43, 44, 45, 46, 47, 51, 52, 56, 57, 60, 65, 66, 68, 69, 70, 71, 72, 73, 74, 75, 76, 78, 79, 80], "summary": {"covered_lines": 44, "num_statements": 51, "percent_covered": 89.23076923076923, "percent_covered_display": "89", "missing_lines": 7, "excluded_lines": 0, "percent_statements_covered": 86.27450980392157, "percent_statements_covered_display": "86", "num_branches": 14, "num_partial_branches": 0, "covered_branches": 14, "missing_branches": 0, "percent_branches_covered": 100.0, "percent_branches_covered_display": "100"}, "missing_lines": [38, 39, 48, 49, 50, 53, 54], "excluded_lines": [], "executed_branches": [[31, 32], [31, 34], [41, 42], [41, 57], [43, 44], [43, 45], [46, 47], [46, 51], [65, 66], [65, 68], [70, 71], [70, 80], [78, 70], [78, 79]], "missing_branches": [], "functions": {"cleanup_orphaned_store_files": {"executed_lines": [31, 32, 34, 35, 36, 37, 41, 42, 43, 44, 45, 46, 47, 51, 52, 56, 57], "summary": {"covered_lines": 17, "num_statements": 24, "percent_covered": 78.125, "percent_covered_display": "78", "missing_lines": 7, "excluded_lines": 0, "percent_statements_covered": 70.83333333333333, "percent_statements_covered_display": "71", "num_branches": 8, "num_partial_branches": 0, "covered_branches": 8, "missing_branches": 0, "percent_branches_covered": 100.0, "percent_branches_covered_display": "100"}, "missing_lines": [38, 39, 48, 49, 50, 53, 54], "excluded_lines": [], "start_line": 26, "executed_branches": [[31, 32], [31, 34], [41, 42], [41, 57], [43, 44], [43, 45], [46, 47], [46, 51]], "missing_branches": []}, "cleanup_entry_store_files": {"executed_lines": [65, 66, 68, 69, 70, 71, 72, 73, 74, 75, 76, 78, 79, 80], "summary": {"covered_lines": 14, "num_statements": 14, "percent_covered": 100.0, "percent_covered_display": "100", "missing_lines": 0, "excluded_lines": 0, "percent_statements_covered": 100.0, "percent_statements_covered_display": "100", "num_branches": 6, "num_partial_branches": 0, "covered_branches": 6, "missing_branches": 0, "percent_branches_covered": 100.0, "percent_branches_covered_display": "100"}, "missing_lines": [], "excluded_lines": [], "start_line": 60, "executed_branches": [[65, 66], [65, 68], [70, 71], [70, 80], [78, 70], [78, 79]], "missing_branches": []}, "": {"executed_lines": [3, 5, 6, 7, 9, 11, 12, 18, 19, 22, 23, 26, 60], "summary": {"covered_lines": 13, "num_statements": 13, "percent_covered": 100.0, "percent_covered_display": "100", "missing_lines": 0, "excluded_lines": 0, "percent_statements_covered": 100.0, "percent_statements_covered_display": "100", "num_branches": 0, "num_partial_branches": 0, "covered_branches": 0, "missing_branches": 0, "percent_branches_covered": 100.0, "percent_branches_covered_display": "100"}, "missing_lines": [], "excluded_lines": [], "start_line": 1, "executed_branches": [], "missing_branches": []}}, "classes": {"StoreCleanupResult": {"executed_lines": [], "summary": {"covered_lines": 0, "num_statements": 0, "percent_covered": 100.0, "percent_covered_display": "100", "missing_lines": 0, "excluded_lines": 0, "percent_statements_covered": 100.0, "percent_statements_covered_display": "100", "num_branches": 0, "num_partial_branches": 0, "covered_branches": 0, "missing_branches": 0, "percent_branches_covered": 100.0, "percent_branches_covered_display": "100"}, "missing_lines": [], "excluded_lines": [], "start_line": 19, "executed_branches": [], "missing_branches": []}, "": {"executed_lines": [3, 5, 6, 7, 9, 11, 12, 18, 19, 22, 23, 26, 31, 32, 34, 35, 36, 37, 41, 42, 43, 44, 45, 46, 47, 51, 52, 56, 57, 60, 65, 66, 68, 69, 70, 71, 72, 73, 74, 75, 76, 78, 79, 80], "summary": {"covered_lines": 44, "num_statements": 51, "percent_covered": 89.23076923076923, "percent_covered_display": "89", "missing_lines": 7, "excluded_lines": 0, "percent_statements_covered": 86.27450980392157, "percent_statements_covered_display": "86", "num_branches": 14, "num_partial_branches": 0, "covered_branches": 14, "missing_branches": 0, "percent_branches_covered": 100.0, "percent_branches_covered_display": "100"}, "missing_lines": [38, 39, 48, 49, 50, 53, 54], "excluded_lines": [], "start_line": 1, "executed_branches": [[31, 32], [31, 34], [41, 42], [41, 57], [43, 44], [43, 45], [46, 47], [46, 51], [65, 66], [65, 68], [70, 71], [70, 80], [78, 70], [78, 79]], "missing_branches": []}}}, "custom_components/backup_checkup/task_control.py": {"executed_lines": [3, 5, 8, 17, 18, 19, 20, 21, 22, 23], "summary": {"covered_lines": 10, "num_statements": 10, "percent_covered": 100.0, "percent_covered_display": "100", "missing_lines": 0, "excluded_lines": 0, "percent_statements_covered": 100.0, "percent_statements_covered_display": "100", "num_branches": 2, "num_partial_branches": 0, "covered_branches": 2, "missing_branches": 0, "percent_branches_covered": 100.0, "percent_branches_covered_display": "100"}, "missing_lines": [], "excluded_lines": [], "executed_branches": [[17, 18], [17, 19]], "missing_branches": [], "functions": {"release_current_task_reference": {"executed_lines": [17, 18, 19, 20, 21, 22, 23], "summary": {"covered_lines": 7, "num_statements": 7, "percent_covered": 100.0, "percent_covered_display": "100", "missing_lines": 0, "excluded_lines": 0, "percent_statements_covered": 100.0, "percent_statements_covered_display": "100", "num_branches": 2, "num_partial_branches": 0, "covered_branches": 2, "missing_branches": 0, "percent_branches_covered": 100.0, "percent_branches_covered_display": "100"}, "missing_lines": [], "excluded_lines": [], "start_line": 8, "executed_branches": [[17, 18], [17, 19]], "missing_branches": []}, "": {"executed_lines": [3, 5, 8], "summary": {"covered_lines": 3, "num_statements": 3, "percent_covered": 100.0, "percent_covered_display": "100", "missing_lines": 0, "excluded_lines": 0, "percent_statements_covered": 100.0, "percent_statements_covered_display": "100", "num_branches": 0, "num_partial_branches": 0, "covered_branches": 0, "missing_branches": 0, "percent_branches_covered": 100.0, "percent_branches_covered_display": "100"}, "missing_lines": [], "excluded_lines": [], "start_line": 1, "executed_branches": [], "missing_branches": []}}, "classes": {"": {"executed_lines": [3, 5, 8, 17, 18, 19, 20, 21, 22, 23], "summary": {"covered_lines": 10, "num_statements": 10, "percent_covered": 100.0, "percent_covered_display": "100", "missing_lines": 0, "excluded_lines": 0, "percent_statements_covered": 100.0, "percent_statements_covered_display": "100", "num_branches": 2, "num_partial_branches": 0, "covered_branches": 2, "missing_branches": 0, "percent_branches_covered": 100.0, "percent_branches_covered_display": "100"}, "missing_lines": [], "excluded_lines": [], "start_line": 1, "executed_branches": [[17, 18], [17, 19]], "missing_branches": []}}}}, "totals": {"covered_lines": 3318, "num_statements": 3604, "percent_covered": 90.33050468959357, "percent_covered_display": "90", "missing_lines": 286, "excluded_lines": 0, "percent_statements_covered": 92.06437291897892, "percent_statements_covered_display": "92", "num_branches": 874, "num_partial_branches": 109, "covered_branches": 727, "missing_branches": 147, "percent_branches_covered": 83.18077803203661, "percent_branches_covered_display": "83"}}